<?xml version="1.0" ?>
<coverage branch-rate="0" branches-covered="0" branches-valid="0" complexity="0" line-rate="0.7493" lines-covered="12612" lines-valid="16831" timestamp="1617657123457" version="5.5">
	<!-- Generated by coverage.py: https://coverage.readthedocs.io -->
	<!-- Based on https://raw.githubusercontent.com/cobertura/web/master/htdocs/xml/coverage-04.dtd -->
	<sources>
		<source>/rapids/cuml/python/cuml</source>
	</sources>
	<packages>
		<package branch-rate="0" complexity="0" line-rate="0.5507" name=".">
			<classes>
				<class branch-rate="0" complexity="0" filename="__init__.py" line-rate="0.9559" name="__init__.py">
					<methods/>
					<lines>
						<line hits="1" number="17"/>
						<line hits="1" number="18"/>
						<line hits="1" number="19"/>
						<line hits="1" number="21"/>
						<line hits="1" number="22"/>
						<line hits="1" number="23"/>
						<line hits="1" number="25"/>
						<line hits="1" number="26"/>
						<line hits="1" number="27"/>
						<line hits="1" number="28"/>
						<line hits="1" number="30"/>
						<line hits="1" number="31"/>
						<line hits="1" number="32"/>
						<line hits="1" number="34"/>
						<line hits="1" number="36"/>
						<line hits="1" number="37"/>
						<line hits="1" number="39"/>
						<line hits="1" number="40"/>
						<line hits="1" number="42"/>
						<line hits="1" number="44"/>
						<line hits="1" number="47"/>
						<line hits="1" number="48"/>
						<line hits="1" number="49"/>
						<line hits="1" number="50"/>
						<line hits="1" number="51"/>
						<line hits="1" number="52"/>
						<line hits="1" number="53"/>
						<line hits="1" number="55"/>
						<line hits="1" number="56"/>
						<line hits="1" number="57"/>
						<line hits="1" number="58"/>
						<line hits="1" number="59"/>
						<line hits="1" number="60"/>
						<line hits="1" number="62"/>
						<line hits="1" number="64"/>
						<line hits="1" number="65"/>
						<line hits="1" number="66"/>
						<line hits="1" number="68"/>
						<line hits="1" number="70"/>
						<line hits="1" number="71"/>
						<line hits="1" number="72"/>
						<line hits="1" number="75"/>
						<line hits="1" number="76"/>
						<line hits="1" number="77"/>
						<line hits="1" number="78"/>
						<line hits="1" number="79"/>
						<line hits="1" number="81"/>
						<line hits="1" number="82"/>
						<line hits="1" number="83"/>
						<line hits="1" number="84"/>
						<line hits="1" number="86"/>
						<line hits="1" number="87"/>
						<line hits="1" number="91"/>
						<line hits="1" number="94"/>
						<line hits="1" number="98"/>
						<line hits="1" number="99"/>
						<line hits="1" number="102"/>
						<line hits="1" number="104"/>
						<line hits="1" number="105"/>
						<line hits="1" number="106"/>
						<line hits="1" number="107"/>
						<line hits="1" number="108"/>
						<line hits="1" number="109"/>
						<line hits="1" number="110"/>
						<line hits="0" number="111"/>
						<line hits="0" number="112"/>
						<line hits="0" number="116"/>
						<line hits="1" number="118"/>
					</lines>
				</class>
				<class branch-rate="0" complexity="0" filename="_version.py" line-rate="0.4513" name="_version.py">
					<methods/>
					<lines>
						<line hits="1" number="11"/>
						<line hits="1" number="13"/>
						<line hits="1" number="14"/>
						<line hits="1" number="15"/>
						<line hits="1" number="16"/>
						<line hits="1" number="17"/>
						<line hits="1" number="20"/>
						<line hits="1" number="26"/>
						<line hits="1" number="27"/>
						<line hits="1" number="28"/>
						<line hits="1" number="29"/>
						<line hits="1" number="30"/>
						<line hits="1" number="33"/>
						<line hits="1" number="37"/>
						<line hits="1" number="41"/>
						<line hits="1" number="42"/>
						<line hits="1" number="43"/>
						<line hits="1" number="44"/>
						<line hits="1" number="45"/>
						<line hits="1" number="46"/>
						<line hits="1" number="47"/>
						<line hits="1" number="48"/>
						<line hits="1" number="51"/>
						<line hits="1" number="55"/>
						<line hits="1" number="56"/>
						<line hits="1" number="59"/>
						<line hits="1" number="61"/>
						<line hits="1" number="63"/>
						<line hits="1" number="64"/>
						<line hits="1" number="65"/>
						<line hits="1" number="66"/>
						<line hits="1" number="67"/>
						<line hits="1" number="70"/>
						<line hits="1" number="73"/>
						<line hits="1" number="74"/>
						<line hits="1" number="75"/>
						<line hits="1" number="76"/>
						<line hits="1" number="77"/>
						<line hits="1" number="79"/>
						<line hits="1" number="83"/>
						<line hits="0" number="84"/>
						<line hits="0" number="85"/>
						<line hits="0" number="86"/>
						<line hits="0" number="87"/>
						<line hits="0" number="88"/>
						<line hits="0" number="89"/>
						<line hits="0" number="90"/>
						<line hits="0" number="91"/>
						<line hits="0" number="93"/>
						<line hits="0" number="94"/>
						<line hits="0" number="95"/>
						<line hits="1" number="96"/>
						<line hits="1" number="97"/>
						<line hits="1" number="98"/>
						<line hits="1" number="99"/>
						<line hits="0" number="100"/>
						<line hits="0" number="101"/>
						<line hits="0" number="102"/>
						<line hits="0" number="103"/>
						<line hits="1" number="104"/>
						<line hits="1" number="107"/>
						<line hits="0" number="114"/>
						<line hits="0" number="116"/>
						<line hits="0" number="117"/>
						<line hits="0" number="118"/>
						<line hits="0" number="119"/>
						<line hits="0" number="123"/>
						<line hits="0" number="124"/>
						<line hits="0" number="126"/>
						<line hits="0" number="127"/>
						<line hits="0" number="129"/>
						<line hits="1" number="132"/>
						<line hits="0" number="139"/>
						<line hits="0" number="140"/>
						<line hits="0" number="141"/>
						<line hits="0" number="142"/>
						<line hits="0" number="143"/>
						<line hits="0" number="144"/>
						<line hits="0" number="145"/>
						<line hits="0" number="146"/>
						<line hits="0" number="147"/>
						<line hits="0" number="148"/>
						<line hits="0" number="149"/>
						<line hits="0" number="150"/>
						<line hits="0" number="151"/>
						<line hits="0" number="152"/>
						<line hits="0" number="153"/>
						<line hits="0" number="154"/>
						<line hits="0" number="155"/>
						<line hits="0" number="156"/>
						<line hits="0" number="157"/>
						<line hits="0" number="158"/>
						<line hits="1" number="161"/>
						<line hits="1" number="164"/>
						<line hits="0" number="165"/>
						<line hits="1" number="166"/>
						<line hits="1" number="167"/>
						<line hits="1" number="174"/>
						<line hits="1" number="175"/>
						<line hits="1" number="176"/>
						<line hits="1" number="177"/>
						<line hits="0" number="178"/>
						<line hits="1" number="179"/>
						<line hits="0" number="180"/>
						<line hits="0" number="183"/>
						<line hits="0" number="184"/>
						<line hits="0" number="185"/>
						<line hits="0" number="193"/>
						<line hits="0" number="194"/>
						<line hits="0" number="195"/>
						<line hits="0" number="196"/>
						<line hits="0" number="197"/>
						<line hits="0" number="198"/>
						<line hits="0" number="200"/>
						<line hits="0" number="201"/>
						<line hits="0" number="202"/>
						<line hits="0" number="203"/>
						<line hits="0" number="204"/>
						<line hits="0" number="209"/>
						<line hits="0" number="210"/>
						<line hits="0" number="211"/>
						<line hits="1" number="216"/>
						<line hits="1" number="217"/>
						<line hits="1" number="224"/>
						<line hits="1" number="225"/>
						<line hits="0" number="226"/>
						<line hits="1" number="228"/>
						<line hits="1" number="230"/>
						<line hits="0" number="231"/>
						<line hits="0" number="232"/>
						<line hits="0" number="233"/>
						<line hits="1" number="237"/>
						<line hits="1" number="242"/>
						<line hits="0" number="243"/>
						<line hits="1" number="244"/>
						<line hits="1" number="245"/>
						<line hits="1" number="246"/>
						<line hits="0" number="247"/>
						<line hits="1" number="248"/>
						<line hits="1" number="250"/>
						<line hits="1" number="251"/>
						<line hits="1" number="252"/>
						<line hits="1" number="253"/>
						<line hits="1" number="257"/>
						<line hits="1" number="260"/>
						<line hits="1" number="261"/>
						<line hits="1" number="262"/>
						<line hits="1" number="263"/>
						<line hits="1" number="267"/>
						<line hits="1" number="269"/>
						<line hits="1" number="270"/>
						<line hits="0" number="272"/>
						<line hits="0" number="274"/>
						<line hits="1" number="277"/>
						<line hits="1" number="278"/>
						<line hits="0" number="279"/>
						<line hits="0" number="280"/>
						<line hits="0" number="281"/>
						<line hits="0" number="282"/>
						<line hits="0" number="284"/>
						<line hits="1" number="285"/>
						<line hits="1" number="288"/>
						<line hits="1" number="291"/>
						<line hits="0" number="295"/>
						<line hits="0" number="296"/>
						<line hits="0" number="298"/>
						<line hits="1" number="301"/>
						<line hits="1" number="303"/>
						<line hits="1" number="305"/>
						<line hits="1" number="308"/>
						<line hits="1" number="310"/>
						<line hits="0" number="311"/>
						<line hits="1" number="312"/>
						<line hits="1" number="315"/>
						<line hits="1" number="324"/>
						<line hits="1" number="325"/>
						<line hits="1" number="326"/>
						<line hits="1" number="327"/>
						<line hits="1" number="328"/>
						<line hits="1" number="329"/>
						<line hits="1" number="330"/>
						<line hits="0" number="333"/>
						<line hits="0" number="335"/>
						<line hits="0" number="336"/>
						<line hits="1" number="337"/>
						<line hits="1" number="340"/>
						<line hits="0" number="346"/>
						<line hits="0" number="347"/>
						<line hits="0" number="348"/>
						<line hits="0" number="349"/>
						<line hits="0" number="352"/>
						<line hits="0" number="353"/>
						<line hits="1" number="356"/>
						<line hits="0" number="366"/>
						<line hits="0" number="367"/>
						<line hits="0" number="368"/>
						<line hits="0" number="369"/>
						<line hits="0" number="370"/>
						<line hits="0" number="371"/>
						<line hits="0" number="372"/>
						<line hits="0" number="373"/>
						<line hits="0" number="376"/>
						<line hits="0" number="377"/>
						<line hits="0" number="378"/>
						<line hits="0" number="379"/>
						<line hits="0" number="380"/>
						<line hits="1" number="383"/>
						<line hits="0" number="391"/>
						<line hits="0" number="392"/>
						<line hits="0" number="393"/>
						<line hits="0" number="394"/>
						<line hits="0" number="395"/>
						<line hits="0" number="396"/>
						<line hits="0" number="399"/>
						<line hits="0" number="400"/>
						<line hits="0" number="401"/>
						<line hits="0" number="402"/>
						<line hits="1" number="405"/>
						<line hits="0" number="413"/>
						<line hits="0" number="414"/>
						<line hits="0" number="415"/>
						<line hits="0" number="416"/>
						<line hits="0" number="419"/>
						<line hits="0" number="420"/>
						<line hits="0" number="421"/>
						<line hits="0" number="422"/>
						<line hits="1" number="425"/>
						<line hits="0" number="434"/>
						<line hits="0" number="435"/>
						<line hits="0" number="436"/>
						<line hits="0" number="439"/>
						<line hits="0" number="440"/>
						<line hits="0" number="441"/>
						<line hits="0" number="442"/>
						<line hits="1" number="445"/>
						<line hits="1" number="447"/>
						<line hits="0" number="448"/>
						<line hits="1" number="454"/>
						<line hits="0" number="455"/>
						<line hits="1" number="457"/>
						<line hits="1" number="458"/>
						<line hits="0" number="459"/>
						<line hits="0" number="460"/>
						<line hits="0" number="461"/>
						<line hits="0" number="462"/>
						<line hits="0" number="463"/>
						<line hits="0" number="464"/>
						<line hits="0" number="465"/>
						<line hits="0" number="466"/>
						<line hits="0" number="467"/>
						<line hits="0" number="468"/>
						<line hits="0" number="470"/>
						<line hits="1" number="472"/>
						<line hits="1" number="477"/>
						<line hits="1" number="484"/>
						<line hits="1" number="485"/>
						<line hits="1" number="487"/>
						<line hits="1" number="488"/>
						<line hits="1" number="490"/>
						<line hits="1" number="491"/>
						<line hits="1" number="493"/>
						<line hits="1" number="494"/>
						<line hits="1" number="498"/>
						<line hits="1" number="499"/>
						<line hits="0" number="500"/>
						<line hits="0" number="501"/>
						<line hits="1" number="506"/>
						<line hits="1" number="507"/>
						<line hits="1" number="508"/>
						<line hits="0" number="509"/>
						<line hits="0" number="510"/>
						<line hits="0" number="512"/>
						<line hits="0" number="513"/>
						<line hits="0" number="514"/>
						<line hits="0" number="515"/>
						<line hits="0" number="516"/>
						<line hits="0" number="518"/>
					</lines>
				</class>
			</classes>
		</package>
		<package branch-rate="0" complexity="0" line-rate="1" name="_thirdparty">
			<classes>
				<class branch-rate="0" complexity="0" filename="_thirdparty/__init__.py" line-rate="1" name="__init__.py">
					<methods/>
					<lines>
						<line hits="1" number="2"/>
					</lines>
				</class>
			</classes>
		</package>
		<package branch-rate="0" complexity="0" line-rate="1" name="_thirdparty.sklearn">
			<classes>
				<class branch-rate="0" complexity="0" filename="_thirdparty/sklearn/__init__.py" line-rate="1" name="__init__.py">
					<methods/>
					<lines/>
				</class>
				<class branch-rate="0" complexity="0" filename="_thirdparty/sklearn/exceptions.py" line-rate="1" name="exceptions.py">
					<methods/>
					<lines>
						<line hits="1" number="6"/>
						<line hits="1" number="11"/>
						<line hits="1" number="24"/>
						<line hits="1" number="46"/>
						<line hits="1" number="54"/>
						<line hits="1" number="62"/>
						<line hits="1" number="80"/>
						<line hits="1" number="94"/>
						<line hits="1" number="105"/>
						<line hits="1" number="117"/>
						<line hits="1" number="128"/>
						<line hits="1" number="137"/>
						<line hits="1" number="145"/>
					</lines>
				</class>
			</classes>
		</package>
		<package branch-rate="0" complexity="0" line-rate="0.7114" name="_thirdparty.sklearn.preprocessing">
			<classes>
				<class branch-rate="0" complexity="0" filename="_thirdparty/sklearn/preprocessing/__init__.py" line-rate="1" name="__init__.py">
					<methods/>
					<lines>
						<line hits="1" number="6"/>
						<line hits="1" number="7"/>
						<line hits="1" number="8"/>
						<line hits="1" number="9"/>
						<line hits="1" number="10"/>
						<line hits="1" number="11"/>
						<line hits="1" number="12"/>
						<line hits="1" number="13"/>
						<line hits="1" number="14"/>
						<line hits="1" number="15"/>
						<line hits="1" number="16"/>
						<line hits="1" number="17"/>
						<line hits="1" number="18"/>
						<line hits="1" number="19"/>
						<line hits="1" number="21"/>
						<line hits="1" number="22"/>
						<line hits="1" number="23"/>
						<line hits="1" number="25"/>
					</lines>
				</class>
				<class branch-rate="0" complexity="0" filename="_thirdparty/sklearn/preprocessing/_data.py" line-rate="0.6428" name="_data.py">
					<methods/>
					<lines>
						<line hits="1" number="18"/>
						<line hits="1" number="19"/>
						<line hits="1" number="20"/>
						<line hits="1" number="21"/>
						<line hits="1" number="23"/>
						<line hits="1" number="24"/>
						<line hits="1" number="25"/>
						<line hits="1" number="26"/>
						<line hits="1" number="27"/>
						<line hits="1" number="29"/>
						<line hits="1" number="30"/>
						<line hits="1" number="32"/>
						<line hits="1" number="33"/>
						<line hits="1" number="34"/>
						<line hits="1" number="35"/>
						<line hits="1" number="38"/>
						<line hits="1" number="42"/>
						<line hits="1" number="46"/>
						<line hits="1" number="47"/>
						<line hits="1" number="48"/>
						<line hits="1" number="49"/>
						<line hits="1" number="50"/>
						<line hits="1" number="52"/>
						<line hits="1" number="54"/>
						<line hits="1" number="56"/>
						<line hits="1" number="73"/>
						<line hits="1" number="79"/>
						<line hits="0" number="80"/>
						<line hits="0" number="81"/>
						<line hits="0" number="82"/>
						<line hits="1" number="83"/>
						<line hits="1" number="84"/>
						<line hits="1" number="86"/>
						<line hits="1" number="87"/>
						<line hits="1" number="88"/>
						<line hits="1" number="91"/>
						<line hits="1" number="92"/>
						<line hits="1" number="93"/>
						<line hits="1" number="144"/>
						<line hits="1" number="148"/>
						<line hits="1" number="149"/>
						<line hits="0" number="150"/>
						<line hits="1" number="153"/>
						<line hits="0" number="154"/>
						<line hits="1" number="156"/>
						<line hits="1" number="157"/>
						<line hits="1" number="158"/>
						<line hits="1" number="159"/>
						<line hits="1" number="161"/>
						<line hits="1" number="162"/>
						<line hits="1" number="163"/>
						<line hits="1" number="164"/>
						<line hits="1" number="165"/>
						<line hits="1" number="168"/>
						<line hits="1" number="169"/>
						<line hits="1" number="170"/>
						<line hits="1" number="171"/>
						<line hits="1" number="177"/>
						<line hits="1" number="178"/>
						<line hits="1" number="183"/>
						<line hits="1" number="184"/>
						<line hits="1" number="185"/>
						<line hits="1" number="186"/>
						<line hits="1" number="187"/>
						<line hits="1" number="188"/>
						<line hits="1" number="194"/>
						<line hits="1" number="195"/>
						<line hits="1" number="200"/>
						<line hits="1" number="202"/>
						<line hits="1" number="205"/>
						<line hits="1" number="284"/>
						<line hits="1" number="285"/>
						<line hits="1" number="286"/>
						<line hits="1" number="287"/>
						<line hits="1" number="288"/>
						<line hits="1" number="289"/>
						<line hits="1" number="291"/>
						<line hits="1" number="292"/>
						<line hits="1" number="293"/>
						<line hits="1" number="294"/>
						<line hits="1" number="296"/>
						<line hits="1" number="304"/>
						<line hits="0" number="305"/>
						<line hits="0" number="306"/>
						<line hits="0" number="307"/>
						<line hits="0" number="308"/>
						<line hits="0" number="309"/>
						<line hits="0" number="310"/>
						<line hits="1" number="312"/>
						<line hits="1" number="313"/>
						<line hits="1" number="318"/>
						<line hits="1" number="337"/>
						<line hits="1" number="338"/>
						<line hits="1" number="340"/>
						<line hits="1" number="361"/>
						<line hits="1" number="362"/>
						<line hits="0" number="363"/>
						<line hits="1" number="366"/>
						<line hits="1" number="367"/>
						<line hits="1" number="371"/>
						<line hits="1" number="372"/>
						<line hits="1" number="374"/>
						<line hits="1" number="375"/>
						<line hits="0" number="377"/>
						<line hits="0" number="378"/>
						<line hits="0" number="379"/>
						<line hits="1" number="381"/>
						<line hits="1" number="382"/>
						<line hits="1" number="384"/>
						<line hits="1" number="385"/>
						<line hits="1" number="386"/>
						<line hits="1" number="387"/>
						<line hits="1" number="388"/>
						<line hits="1" number="390"/>
						<line hits="1" number="403"/>
						<line hits="1" number="405"/>
						<line hits="1" number="408"/>
						<line hits="1" number="409"/>
						<line hits="1" number="411"/>
						<line hits="1" number="413"/>
						<line hits="1" number="426"/>
						<line hits="1" number="428"/>
						<line hits="1" number="431"/>
						<line hits="1" number="432"/>
						<line hits="1" number="433"/>
						<line hits="1" number="436"/>
						<line hits="1" number="437"/>
						<line hits="1" number="438"/>
						<line hits="1" number="483"/>
						<line hits="1" number="485"/>
						<line hits="1" number="487"/>
						<line hits="0" number="488"/>
						<line hits="1" number="490"/>
						<line hits="1" number="491"/>
						<line hits="1" number="492"/>
						<line hits="1" number="493"/>
						<line hits="0" number="495"/>
						<line hits="1" number="497"/>
						<line hits="0" number="498"/>
						<line hits="1" number="500"/>
						<line hits="1" number="503"/>
						<line hits="1" number="610"/>
						<line hits="1" number="611"/>
						<line hits="1" number="612"/>
						<line hits="1" number="613"/>
						<line hits="1" number="615"/>
						<line hits="1" number="616"/>
						<line hits="1" number="617"/>
						<line hits="1" number="618"/>
						<line hits="1" number="619"/>
						<line hits="1" number="621"/>
						<line hits="1" number="629"/>
						<line hits="0" number="630"/>
						<line hits="0" number="631"/>
						<line hits="0" number="632"/>
						<line hits="0" number="633"/>
						<line hits="1" number="635"/>
						<line hits="1" number="636"/>
						<line hits="1" number="642"/>
						<line hits="1" number="656"/>
						<line hits="1" number="657"/>
						<line hits="1" number="659"/>
						<line hits="1" number="686"/>
						<line hits="1" number="697"/>
						<line hits="0" number="699"/>
						<line hits="1" number="702"/>
						<line hits="1" number="703"/>
						<line hits="0" number="704"/>
						<line hits="1" number="708"/>
						<line hits="1" number="709"/>
						<line hits="1" number="711"/>
						<line hits="1" number="712"/>
						<line hits="1" number="714"/>
						<line hits="1" number="715"/>
						<line hits="1" number="716"/>
						<line hits="1" number="717"/>
						<line hits="1" number="719"/>
						<line hits="1" number="720"/>
						<line hits="1" number="723"/>
						<line hits="1" number="725"/>
						<line hits="1" number="726"/>
						<line hits="1" number="729"/>
						<line hits="1" number="739"/>
						<line hits="1" number="740"/>
						<line hits="1" number="741"/>
						<line hits="0" number="742"/>
						<line hits="1" number="744"/>
						<line hits="1" number="745"/>
						<line hits="1" number="748"/>
						<line hits="1" number="749"/>
						<line hits="1" number="750"/>
						<line hits="1" number="751"/>
						<line hits="1" number="753"/>
						<line hits="1" number="755"/>
						<line hits="1" number="756"/>
						<line hits="1" number="757"/>
						<line hits="1" number="758"/>
						<line hits="1" number="760"/>
						<line hits="1" number="767"/>
						<line hits="1" number="768"/>
						<line hits="1" number="769"/>
						<line hits="1" number="770"/>
						<line hits="1" number="772"/>
						<line hits="1" number="773"/>
						<line hits="1" number="775"/>
						<line hits="1" number="777"/>
						<line hits="1" number="779"/>
						<line hits="1" number="790"/>
						<line hits="1" number="792"/>
						<line hits="1" number="794"/>
						<line hits="1" number="799"/>
						<line hits="1" number="800"/>
						<line hits="0" number="801"/>
						<line hits="1" number="804"/>
						<line hits="1" number="805"/>
						<line hits="1" number="807"/>
						<line hits="1" number="808"/>
						<line hits="1" number="809"/>
						<line hits="1" number="810"/>
						<line hits="1" number="812"/>
						<line hits="1" number="814"/>
						<line hits="1" number="830"/>
						<line hits="1" number="832"/>
						<line hits="1" number="834"/>
						<line hits="1" number="838"/>
						<line hits="1" number="839"/>
						<line hits="0" number="840"/>
						<line hits="1" number="843"/>
						<line hits="0" number="844"/>
						<line hits="0" number="845"/>
						<line hits="1" number="846"/>
						<line hits="1" number="847"/>
						<line hits="1" number="848"/>
						<line hits="1" number="849"/>
						<line hits="1" number="851"/>
						<line hits="1" number="852"/>
						<line hits="1" number="853"/>
						<line hits="1" number="854"/>
						<line hits="1" number="855"/>
						<line hits="1" number="856"/>
						<line hits="1" number="857"/>
						<line hits="1" number="858"/>
						<line hits="1" number="861"/>
						<line hits="1" number="916"/>
						<line hits="1" number="917"/>
						<line hits="1" number="918"/>
						<line hits="1" number="920"/>
						<line hits="1" number="921"/>
						<line hits="1" number="922"/>
						<line hits="1" number="924"/>
						<line hits="1" number="932"/>
						<line hits="0" number="933"/>
						<line hits="0" number="934"/>
						<line hits="0" number="935"/>
						<line hits="1" number="937"/>
						<line hits="1" number="938"/>
						<line hits="1" number="942"/>
						<line hits="1" number="953"/>
						<line hits="1" number="954"/>
						<line hits="1" number="956"/>
						<line hits="1" number="978"/>
						<line hits="1" number="979"/>
						<line hits="1" number="984"/>
						<line hits="1" number="985"/>
						<line hits="1" number="986"/>
						<line hits="1" number="988"/>
						<line hits="1" number="990"/>
						<line hits="1" number="991"/>
						<line hits="0" number="993"/>
						<line hits="0" number="994"/>
						<line hits="1" number="996"/>
						<line hits="1" number="997"/>
						<line hits="1" number="998"/>
						<line hits="1" number="1000"/>
						<line hits="1" number="1008"/>
						<line hits="1" number="1010"/>
						<line hits="1" number="1014"/>
						<line hits="1" number="1015"/>
						<line hits="1" number="1017"/>
						<line hits="1" number="1019"/>
						<line hits="1" number="1021"/>
						<line hits="1" number="1029"/>
						<line hits="1" number="1031"/>
						<line hits="1" number="1035"/>
						<line hits="1" number="1036"/>
						<line hits="1" number="1038"/>
						<line hits="1" number="1039"/>
						<line hits="1" number="1042"/>
						<line hits="1" number="1043"/>
						<line hits="1" number="1044"/>
						<line hits="0" number="1078"/>
						<line hits="0" number="1081"/>
						<line hits="0" number="1083"/>
						<line hits="0" number="1084"/>
						<line hits="0" number="1086"/>
						<line hits="0" number="1087"/>
						<line hits="0" number="1088"/>
						<line hits="0" number="1090"/>
						<line hits="0" number="1092"/>
						<line hits="0" number="1093"/>
						<line hits="0" number="1095"/>
						<line hits="1" number="1098"/>
						<line hits="1" number="1173"/>
						<line hits="1" number="1174"/>
						<line hits="1" number="1176"/>
						<line hits="1" number="1177"/>
						<line hits="1" number="1179"/>
						<line hits="1" number="1180"/>
						<line hits="1" number="1181"/>
						<line hits="1" number="1182"/>
						<line hits="1" number="1184"/>
						<line hits="1" number="1185"/>
						<line hits="1" number="1192"/>
						<line hits="1" number="1203"/>
						<line hits="1" number="1207"/>
						<line hits="1" number="1208"/>
						<line hits="0" number="1209"/>
						<line hits="1" number="1212"/>
						<line hits="1" number="1213"/>
						<line hits="0" number="1214"/>
						<line hits="1" number="1217"/>
						<line hits="1" number="1218"/>
						<line hits="1" number="1219"/>
						<line hits="0" number="1220"/>
						<line hits="1" number="1222"/>
						<line hits="1" number="1223"/>
						<line hits="1" number="1224"/>
						<line hits="1" number="1226"/>
						<line hits="1" number="1228"/>
						<line hits="1" number="1229"/>
						<line hits="1" number="1230"/>
						<line hits="1" number="1231"/>
						<line hits="1" number="1232"/>
						<line hits="1" number="1234"/>
						<line hits="1" number="1235"/>
						<line hits="1" number="1237"/>
						<line hits="1" number="1239"/>
						<line hits="1" number="1240"/>
						<line hits="1" number="1241"/>
						<line hits="1" number="1244"/>
						<line hits="1" number="1246"/>
						<line hits="1" number="1247"/>
						<line hits="1" number="1249"/>
						<line hits="1" number="1251"/>
						<line hits="1" number="1253"/>
						<line hits="1" number="1261"/>
						<line hits="1" number="1263"/>
						<line hits="1" number="1267"/>
						<line hits="1" number="1268"/>
						<line hits="1" number="1269"/>
						<line hits="1" number="1271"/>
						<line hits="1" number="1272"/>
						<line hits="1" number="1273"/>
						<line hits="1" number="1274"/>
						<line hits="1" number="1275"/>
						<line hits="1" number="1277"/>
						<line hits="1" number="1285"/>
						<line hits="1" number="1287"/>
						<line hits="1" number="1291"/>
						<line hits="1" number="1292"/>
						<line hits="1" number="1293"/>
						<line hits="1" number="1295"/>
						<line hits="1" number="1296"/>
						<line hits="1" number="1297"/>
						<line hits="1" number="1298"/>
						<line hits="1" number="1299"/>
						<line hits="1" number="1302"/>
						<line hits="1" number="1303"/>
						<line hits="1" number="1304"/>
						<line hits="1" number="1355"/>
						<line hits="1" number="1358"/>
						<line hits="1" number="1360"/>
						<line hits="0" number="1361"/>
						<line hits="1" number="1363"/>
						<line hits="1" number="1364"/>
						<line hits="1" number="1368"/>
						<line hits="1" number="1369"/>
						<line hits="1" number="1371"/>
						<line hits="1" number="1373"/>
						<line hits="0" number="1374"/>
						<line hits="1" number="1376"/>
						<line hits="1" number="1379"/>
						<line hits="1" number="1449"/>
						<line hits="1" number="1450"/>
						<line hits="1" number="1452"/>
						<line hits="1" number="1453"/>
						<line hits="1" number="1454"/>
						<line hits="1" number="1455"/>
						<line hits="1" number="1457"/>
						<line hits="1" number="1458"/>
						<line hits="1" number="1465"/>
						<line hits="1" number="1467"/>
						<line hits="1" number="1468"/>
						<line hits="1" number="1469"/>
						<line hits="1" number="1472"/>
						<line hits="0" number="1474"/>
						<line hits="0" number="1476"/>
						<line hits="0" number="1479"/>
						<line hits="1" number="1482"/>
						<line hits="0" number="1497"/>
						<line hits="0" number="1498"/>
						<line hits="0" number="1499"/>
						<line hits="0" number="1500"/>
						<line hits="0" number="1501"/>
						<line hits="0" number="1502"/>
						<line hits="0" number="1503"/>
						<line hits="0" number="1504"/>
						<line hits="0" number="1508"/>
						<line hits="0" number="1509"/>
						<line hits="0" number="1510"/>
						<line hits="1" number="1512"/>
						<line hits="1" number="1526"/>
						<line hits="1" number="1528"/>
						<line hits="1" number="1531"/>
						<line hits="1" number="1532"/>
						<line hits="1" number="1533"/>
						<line hits="1" number="1535"/>
						<line hits="1" number="1562"/>
						<line hits="1" number="1564"/>
						<line hits="1" number="1567"/>
						<line hits="1" number="1569"/>
						<line hits="0" number="1570"/>
						<line hits="1" number="1572"/>
						<line hits="1" number="1573"/>
						<line hits="0" number="1574"/>
						<line hits="1" number="1575"/>
						<line hits="1" number="1576"/>
						<line hits="1" number="1577"/>
						<line hits="1" number="1578"/>
						<line hits="1" number="1579"/>
						<line hits="1" number="1580"/>
						<line hits="1" number="1581"/>
						<line hits="1" number="1583"/>
						<line hits="0" number="1584"/>
						<line hits="1" number="1585"/>
						<line hits="1" number="1586"/>
						<line hits="1" number="1587"/>
						<line hits="1" number="1588"/>
						<line hits="1" number="1590"/>
						<line hits="0" number="1591"/>
						<line hits="0" number="1594"/>
						<line hits="0" number="1595"/>
						<line hits="0" number="1596"/>
						<line hits="0" number="1597"/>
						<line hits="0" number="1598"/>
						<line hits="0" number="1599"/>
						<line hits="0" number="1600"/>
						<line hits="0" number="1602"/>
						<line hits="0" number="1603"/>
						<line hits="0" number="1604"/>
						<line hits="1" number="1606"/>
						<line hits="1" number="1622"/>
						<line hits="1" number="1623"/>
						<line hits="1" number="1624"/>
						<line hits="1" number="1626"/>
						<line hits="1" number="1629"/>
						<line hits="1" number="1630"/>
						<line hits="1" number="1632"/>
						<line hits="1" number="1633"/>
						<line hits="1" number="1636"/>
						<line hits="1" number="1637"/>
						<line hits="1" number="1638"/>
						<line hits="1" number="1639"/>
						<line hits="1" number="1640"/>
						<line hits="1" number="1641"/>
						<line hits="1" number="1642"/>
						<line hits="1" number="1643"/>
						<line hits="1" number="1645"/>
						<line hits="1" number="1646"/>
						<line hits="1" number="1647"/>
						<line hits="1" number="1650"/>
						<line hits="1" number="1654"/>
						<line hits="1" number="1656"/>
						<line hits="1" number="1657"/>
						<line hits="1" number="1659"/>
						<line hits="1" number="1662"/>
						<line hits="1" number="1663"/>
						<line hits="1" number="1664"/>
						<line hits="1" number="1703"/>
						<line hits="0" number="1704"/>
						<line hits="1" number="1706"/>
						<line hits="1" number="1707"/>
						<line hits="1" number="1708"/>
						<line hits="1" number="1709"/>
						<line hits="0" number="1711"/>
						<line hits="1" number="1713"/>
						<line hits="1" number="1716"/>
						<line hits="1" number="1717"/>
						<line hits="1" number="1719"/>
						<line hits="1" number="1720"/>
						<line hits="1" number="1724"/>
						<line hits="1" number="1725"/>
						<line hits="1" number="1726"/>
						<line hits="1" number="1727"/>
						<line hits="1" number="1728"/>
						<line hits="1" number="1729"/>
						<line hits="1" number="1730"/>
						<line hits="1" number="1731"/>
						<line hits="1" number="1732"/>
						<line hits="1" number="1733"/>
						<line hits="1" number="1735"/>
						<line hits="1" number="1736"/>
						<line hits="1" number="1737"/>
						<line hits="1" number="1738"/>
						<line hits="1" number="1739"/>
						<line hits="1" number="1740"/>
						<line hits="1" number="1741"/>
						<line hits="1" number="1742"/>
						<line hits="1" number="1744"/>
						<line hits="1" number="1745"/>
						<line hits="1" number="1747"/>
						<line hits="1" number="1748"/>
						<line hits="1" number="1750"/>
						<line hits="1" number="1753"/>
						<line hits="1" number="1808"/>
						<line hits="1" number="1809"/>
						<line hits="1" number="1810"/>
						<line hits="1" number="1811"/>
						<line hits="1" number="1813"/>
						<line hits="1" number="1823"/>
						<line hits="1" number="1824"/>
						<line hits="1" number="1826"/>
						<line hits="1" number="1837"/>
						<line hits="1" number="1838"/>
						<line hits="1" number="1839"/>
						<line hits="1" number="1842"/>
						<line hits="1" number="1843"/>
						<line hits="1" number="1844"/>
						<line hits="1" number="1864"/>
						<line hits="1" number="1865"/>
						<line hits="1" number="1866"/>
						<line hits="0" number="1867"/>
						<line hits="1" number="1869"/>
						<line hits="1" number="1870"/>
						<line hits="1" number="1871"/>
						<line hits="1" number="1872"/>
						<line hits="1" number="1873"/>
						<line hits="1" number="1875"/>
						<line hits="1" number="1876"/>
						<line hits="1" number="1877"/>
						<line hits="1" number="1878"/>
						<line hits="1" number="1879"/>
						<line hits="1" number="1882"/>
						<line hits="1" number="1937"/>
						<line hits="1" number="1938"/>
						<line hits="1" number="1939"/>
						<line hits="1" number="1940"/>
						<line hits="1" number="1942"/>
						<line hits="1" number="1952"/>
						<line hits="1" number="1953"/>
						<line hits="1" number="1955"/>
						<line hits="1" number="1967"/>
						<line hits="1" number="1968"/>
						<line hits="1" number="1971"/>
						<line hits="1" number="1972"/>
						<line hits="1" number="2000"/>
						<line hits="1" number="2001"/>
						<line hits="1" number="2002"/>
						<line hits="1" number="2003"/>
						<line hits="1" number="2004"/>
						<line hits="0" number="2006"/>
						<line hits="0" number="2008"/>
						<line hits="0" number="2010"/>
						<line hits="0" number="2012"/>
						<line hits="0" number="2013"/>
						<line hits="0" number="2014"/>
						<line hits="1" number="2015"/>
						<line hits="1" number="2017"/>
						<line hits="1" number="2019"/>
						<line hits="1" number="2021"/>
						<line hits="1" number="2023"/>
						<line hits="1" number="2024"/>
						<line hits="1" number="2025"/>
						<line hits="1" number="2027"/>
						<line hits="1" number="2028"/>
						<line hits="1" number="2029"/>
						<line hits="1" number="2030"/>
						<line hits="1" number="2031"/>
						<line hits="1" number="2033"/>
						<line hits="1" number="2034"/>
						<line hits="1" number="2037"/>
						<line hits="1" number="2077"/>
						<line hits="1" number="2079"/>
						<line hits="1" number="2081"/>
						<line hits="0" number="2094"/>
						<line hits="0" number="2096"/>
						<line hits="0" number="2097"/>
						<line hits="0" number="2101"/>
						<line hits="0" number="2102"/>
						<line hits="0" number="2103"/>
						<line hits="0" number="2104"/>
						<line hits="1" number="2106"/>
						<line hits="0" number="2122"/>
						<line hits="0" number="2124"/>
						<line hits="0" number="2126"/>
						<line hits="0" number="2129"/>
						<line hits="0" number="2130"/>
						<line hits="0" number="2131"/>
						<line hits="0" number="2133"/>
						<line hits="1" number="2135"/>
						<line hits="0" number="2137"/>
						<line hits="1" number="2140"/>
						<line hits="1" number="2241"/>
						<line hits="1" number="2242"/>
						<line hits="1" number="2245"/>
						<line hits="1" number="2246"/>
						<line hits="1" number="2247"/>
						<line hits="1" number="2248"/>
						<line hits="1" number="2249"/>
						<line hits="1" number="2250"/>
						<line hits="1" number="2252"/>
						<line hits="0" number="2260"/>
						<line hits="0" number="2261"/>
						<line hits="0" number="2264"/>
						<line hits="0" number="2265"/>
						<line hits="0" number="2267"/>
						<line hits="0" number="2268"/>
						<line hits="0" number="2269"/>
						<line hits="0" number="2270"/>
						<line hits="0" number="2273"/>
						<line hits="0" number="2274"/>
						<line hits="0" number="2275"/>
						<line hits="0" number="2280"/>
						<line hits="1" number="2282"/>
						<line hits="0" number="2291"/>
						<line hits="0" number="2292"/>
						<line hits="0" number="2294"/>
						<line hits="0" number="2295"/>
						<line hits="0" number="2296"/>
						<line hits="0" number="2298"/>
						<line hits="0" number="2299"/>
						<line hits="0" number="2301"/>
						<line hits="0" number="2302"/>
						<line hits="0" number="2305"/>
						<line hits="0" number="2306"/>
						<line hits="0" number="2309"/>
						<line hits="0" number="2310"/>
						<line hits="0" number="2313"/>
						<line hits="0" number="2314"/>
						<line hits="0" number="2316"/>
						<line hits="0" number="2319"/>
						<line hits="0" number="2321"/>
						<line hits="0" number="2323"/>
						<line hits="0" number="2328"/>
						<line hits="1" number="2330"/>
						<line hits="0" number="2345"/>
						<line hits="0" number="2346"/>
						<line hits="0" number="2350"/>
						<line hits="0" number="2351"/>
						<line hits="0" number="2355"/>
						<line hits="0" number="2356"/>
						<line hits="0" number="2361"/>
						<line hits="0" number="2362"/>
						<line hits="0" number="2364"/>
						<line hits="0" number="2365"/>
						<line hits="0" number="2369"/>
						<line hits="0" number="2371"/>
						<line hits="0" number="2374"/>
						<line hits="0" number="2376"/>
						<line hits="0" number="2377"/>
						<line hits="0" number="2379"/>
						<line hits="0" number="2381"/>
						<line hits="1" number="2383"/>
						<line hits="0" number="2386"/>
						<line hits="0" number="2388"/>
						<line hits="0" number="2389"/>
						<line hits="0" number="2390"/>
						<line hits="0" number="2391"/>
						<line hits="0" number="2392"/>
						<line hits="0" number="2394"/>
						<line hits="0" number="2395"/>
						<line hits="0" number="2396"/>
						<line hits="0" number="2397"/>
						<line hits="0" number="2399"/>
						<line hits="0" number="2400"/>
						<line hits="0" number="2401"/>
						<line hits="0" number="2405"/>
						<line hits="0" number="2406"/>
						<line hits="0" number="2407"/>
						<line hits="0" number="2409"/>
						<line hits="0" number="2411"/>
						<line hits="0" number="2412"/>
						<line hits="0" number="2413"/>
						<line hits="0" number="2415"/>
						<line hits="0" number="2416"/>
						<line hits="0" number="2417"/>
						<line hits="0" number="2425"/>
						<line hits="0" number="2430"/>
						<line hits="0" number="2433"/>
						<line hits="0" number="2434"/>
						<line hits="0" number="2436"/>
						<line hits="0" number="2437"/>
						<line hits="0" number="2438"/>
						<line hits="0" number="2439"/>
						<line hits="0" number="2443"/>
						<line hits="0" number="2444"/>
						<line hits="0" number="2446"/>
						<line hits="0" number="2450"/>
						<line hits="1" number="2452"/>
						<line hits="0" number="2462"/>
						<line hits="0" number="2464"/>
						<line hits="0" number="2470"/>
						<line hits="0" number="2471"/>
						<line hits="0" number="2473"/>
						<line hits="0" number="2477"/>
						<line hits="0" number="2478"/>
						<line hits="0" number="2482"/>
						<line hits="1" number="2484"/>
						<line hits="0" number="2486"/>
						<line hits="0" number="2488"/>
						<line hits="0" number="2489"/>
						<line hits="1" number="2494"/>
						<line hits="0" number="2512"/>
						<line hits="0" number="2513"/>
						<line hits="0" number="2514"/>
						<line hits="0" number="2516"/>
						<line hits="0" number="2520"/>
						<line hits="0" number="2521"/>
						<line hits="0" number="2525"/>
						<line hits="1" number="2527"/>
						<line hits="0" number="2543"/>
						<line hits="0" number="2544"/>
						<line hits="0" number="2546"/>
						<line hits="1" number="2548"/>
						<line hits="0" number="2564"/>
						<line hits="0" number="2566"/>
						<line hits="0" number="2568"/>
						<line hits="1" number="2571"/>
						<line hits="1" number="2572"/>
						<line hits="0" number="2678"/>
						<line hits="0" number="2684"/>
						<line hits="0" number="2685"/>
						<line hits="0" number="2686"/>
						<line hits="0" number="2687"/>
						<line hits="0" number="2689"/>
						<line hits="1" number="2693"/>
						<line hits="1" number="2779"/>
						<line hits="1" number="2780"/>
						<line hits="1" number="2781"/>
						<line hits="1" number="2782"/>
						<line hits="1" number="2783"/>
						<line hits="1" number="2785"/>
						<line hits="0" number="2802"/>
						<line hits="0" number="2803"/>
						<line hits="1" number="2805"/>
						<line hits="0" number="2806"/>
						<line hits="1" number="2808"/>
						<line hits="0" number="2809"/>
						<line hits="0" number="2812"/>
						<line hits="0" number="2813"/>
						<line hits="0" number="2815"/>
						<line hits="0" number="2818"/>
						<line hits="0" number="2819"/>
						<line hits="0" number="2821"/>
						<line hits="0" number="2822"/>
						<line hits="0" number="2825"/>
						<line hits="0" number="2826"/>
						<line hits="0" number="2827"/>
						<line hits="0" number="2829"/>
						<line hits="0" number="2830"/>
						<line hits="0" number="2831"/>
						<line hits="0" number="2832"/>
						<line hits="0" number="2834"/>
						<line hits="0" number="2836"/>
						<line hits="1" number="2838"/>
						<line hits="0" number="2851"/>
						<line hits="0" number="2852"/>
						<line hits="0" number="2855"/>
						<line hits="0" number="2858"/>
						<line hits="0" number="2859"/>
						<line hits="0" number="2860"/>
						<line hits="0" number="2862"/>
						<line hits="0" number="2863"/>
						<line hits="0" number="2865"/>
						<line hits="1" number="2867"/>
						<line hits="0" number="2898"/>
						<line hits="0" number="2899"/>
						<line hits="0" number="2901"/>
						<line hits="0" number="2902"/>
						<line hits="0" number="2904"/>
						<line hits="0" number="2907"/>
						<line hits="0" number="2908"/>
						<line hits="0" number="2909"/>
						<line hits="0" number="2911"/>
						<line hits="1" number="2913"/>
						<line hits="0" number="2917"/>
						<line hits="0" number="2918"/>
						<line hits="0" number="2920"/>
						<line hits="0" number="2922"/>
						<line hits="1" number="2924"/>
						<line hits="0" number="2928"/>
						<line hits="0" number="2929"/>
						<line hits="0" number="2932"/>
						<line hits="0" number="2933"/>
						<line hits="0" number="2935"/>
						<line hits="0" number="2938"/>
						<line hits="0" number="2939"/>
						<line hits="0" number="2942"/>
						<line hits="0" number="2944"/>
						<line hits="1" number="2946"/>
						<line hits="0" number="2951"/>
						<line hits="0" number="2952"/>
						<line hits="0" number="2955"/>
						<line hits="0" number="2956"/>
						<line hits="0" number="2958"/>
						<line hits="0" number="2961"/>
						<line hits="0" number="2962"/>
						<line hits="0" number="2964"/>
						<line hits="0" number="2966"/>
						<line hits="1" number="2968"/>
						<line hits="0" number="2976"/>
						<line hits="0" number="2978"/>
						<line hits="1" number="2980"/>
						<line hits="0" number="2987"/>
						<line hits="0" number="2990"/>
						<line hits="0" number="2991"/>
						<line hits="0" number="2993"/>
						<line hits="0" number="2994"/>
						<line hits="0" number="2996"/>
						<line hits="0" number="3000"/>
						<line hits="0" number="3002"/>
						<line hits="1" number="3004"/>
						<line hits="0" number="3022"/>
						<line hits="0" number="3025"/>
						<line hits="0" number="3026"/>
						<line hits="0" number="3028"/>
						<line hits="0" number="3030"/>
						<line hits="0" number="3033"/>
						<line hits="0" number="3034"/>
						<line hits="0" number="3038"/>
						<line hits="0" number="3039"/>
						<line hits="0" number="3040"/>
						<line hits="0" number="3044"/>
						<line hits="1" number="3047"/>
						<line hits="1" number="3048"/>
						<line hits="0" number="3132"/>
						<line hits="0" number="3133"/>
					</lines>
				</class>
				<class branch-rate="0" complexity="0" filename="_thirdparty/sklearn/preprocessing/_discretization.py" line-rate="0.8333" name="_discretization.py">
					<methods/>
					<lines>
						<line hits="1" number="16"/>
						<line hits="1" number="17"/>
						<line hits="1" number="18"/>
						<line hits="1" number="19"/>
						<line hits="1" number="21"/>
						<line hits="1" number="22"/>
						<line hits="1" number="24"/>
						<line hits="1" number="25"/>
						<line hits="1" number="26"/>
						<line hits="1" number="27"/>
						<line hits="1" number="28"/>
						<line hits="1" number="29"/>
						<line hits="1" number="30"/>
						<line hits="1" number="31"/>
						<line hits="1" number="32"/>
						<line hits="1" number="35"/>
						<line hits="1" number="36"/>
						<line hits="1" number="39"/>
						<line hits="1" number="137"/>
						<line hits="1" number="138"/>
						<line hits="1" number="140"/>
						<line hits="1" number="141"/>
						<line hits="1" number="142"/>
						<line hits="1" number="143"/>
						<line hits="1" number="144"/>
						<line hits="1" number="146"/>
						<line hits="1" number="147"/>
						<line hits="1" number="153"/>
						<line hits="1" number="170"/>
						<line hits="1" number="172"/>
						<line hits="1" number="173"/>
						<line hits="0" number="174"/>
						<line hits="1" number="177"/>
						<line hits="1" number="178"/>
						<line hits="0" number="179"/>
						<line hits="1" number="183"/>
						<line hits="1" number="184"/>
						<line hits="1" number="185"/>
						<line hits="1" number="187"/>
						<line hits="1" number="188"/>
						<line hits="1" number="189"/>
						<line hits="1" number="190"/>
						<line hits="1" number="192"/>
						<line hits="0" number="193"/>
						<line hits="0" number="195"/>
						<line hits="0" number="196"/>
						<line hits="0" number="197"/>
						<line hits="1" number="199"/>
						<line hits="1" number="200"/>
						<line hits="1" number="202"/>
						<line hits="1" number="203"/>
						<line hits="1" number="204"/>
						<line hits="1" number="208"/>
						<line hits="1" number="210"/>
						<line hits="1" number="212"/>
						<line hits="1" number="213"/>
						<line hits="1" number="216"/>
						<line hits="1" number="218"/>
						<line hits="1" number="219"/>
						<line hits="1" number="220"/>
						<line hits="1" number="222"/>
						<line hits="1" number="223"/>
						<line hits="1" number="224"/>
						<line hits="1" number="227"/>
						<line hits="1" number="228"/>
						<line hits="1" number="229"/>
						<line hits="1" number="230"/>
						<line hits="0" number="231"/>
						<line hits="0" number="234"/>
						<line hits="1" number="236"/>
						<line hits="1" number="237"/>
						<line hits="1" number="239"/>
						<line hits="1" number="240"/>
						<line hits="1" number="245"/>
						<line hits="1" number="247"/>
						<line hits="1" number="249"/>
						<line hits="1" number="252"/>
						<line hits="1" number="253"/>
						<line hits="1" number="254"/>
						<line hits="0" number="255"/>
						<line hits="1" number="259"/>
						<line hits="0" number="260"/>
						<line hits="1" number="263"/>
						<line hits="0" number="265"/>
						<line hits="0" number="268"/>
						<line hits="0" number="269"/>
						<line hits="0" number="272"/>
						<line hits="0" number="274"/>
						<line hits="0" number="275"/>
						<line hits="0" number="276"/>
						<line hits="0" number="277"/>
						<line hits="0" number="281"/>
						<line hits="1" number="283"/>
						<line hits="1" number="297"/>
						<line hits="1" number="299"/>
						<line hits="1" number="300"/>
						<line hits="1" number="301"/>
						<line hits="0" number="302"/>
						<line hits="1" number="305"/>
						<line hits="1" number="306"/>
						<line hits="1" number="311"/>
						<line hits="1" number="312"/>
						<line hits="1" number="313"/>
						<line hits="1" number="314"/>
						<line hits="1" number="315"/>
						<line hits="1" number="316"/>
						<line hits="1" number="318"/>
						<line hits="1" number="319"/>
						<line hits="1" number="320"/>
						<line hits="1" number="322"/>
						<line hits="1" number="323"/>
						<line hits="1" number="325"/>
						<line hits="1" number="342"/>
						<line hits="1" number="344"/>
						<line hits="1" number="345"/>
						<line hits="1" number="346"/>
						<line hits="1" number="348"/>
						<line hits="1" number="349"/>
						<line hits="1" number="350"/>
						<line hits="0" number="351"/>
						<line hits="1" number="354"/>
						<line hits="1" number="355"/>
						<line hits="1" number="356"/>
						<line hits="1" number="357"/>
						<line hits="1" number="358"/>
						<line hits="1" number="360"/>
					</lines>
				</class>
				<class branch-rate="0" complexity="0" filename="_thirdparty/sklearn/preprocessing/_imputation.py" line-rate="0.8555" name="_imputation.py">
					<methods/>
					<lines>
						<line hits="1" number="13"/>
						<line hits="1" number="14"/>
						<line hits="1" number="16"/>
						<line hits="1" number="17"/>
						<line hits="1" number="18"/>
						<line hits="1" number="19"/>
						<line hits="1" number="21"/>
						<line hits="1" number="25"/>
						<line hits="1" number="26"/>
						<line hits="1" number="28"/>
						<line hits="1" number="29"/>
						<line hits="1" number="30"/>
						<line hits="1" number="31"/>
						<line hits="1" number="32"/>
						<line hits="1" number="35"/>
						<line hits="1" number="36"/>
						<line hits="1" number="39"/>
						<line hits="1" number="40"/>
						<line hits="0" number="42"/>
						<line hits="1" number="48"/>
						<line hits="1" number="50"/>
						<line hits="0" number="51"/>
						<line hits="1" number="52"/>
						<line hits="0" number="53"/>
						<line hits="1" number="54"/>
						<line hits="1" number="57"/>
						<line hits="1" number="61"/>
						<line hits="1" number="62"/>
						<line hits="0" number="63"/>
						<line hits="1" number="64"/>
						<line hits="1" number="65"/>
						<line hits="1" number="66"/>
						<line hits="1" number="67"/>
						<line hits="1" number="68"/>
						<line hits="1" number="70"/>
						<line hits="1" number="72"/>
						<line hits="1" number="74"/>
						<line hits="1" number="77"/>
						<line hits="1" number="81"/>
						<line hits="1" number="83"/>
						<line hits="1" number="84"/>
						<line hits="0" number="85"/>
						<line hits="1" number="86"/>
						<line hits="1" number="87"/>
						<line hits="0" number="89"/>
						<line hits="1" number="90"/>
						<line hits="1" number="93"/>
						<line hits="1" number="99"/>
						<line hits="1" number="100"/>
						<line hits="1" number="101"/>
						<line hits="1" number="103"/>
						<line hits="1" number="105"/>
						<line hits="1" number="106"/>
						<line hits="1" number="107"/>
						<line hits="1" number="110"/>
						<line hits="1" number="112"/>
						<line hits="1" number="114"/>
						<line hits="1" number="120"/>
						<line hits="1" number="121"/>
						<line hits="0" number="122"/>
						<line hits="1" number="126"/>
						<line hits="1" number="128"/>
						<line hits="1" number="130"/>
						<line hits="1" number="131"/>
						<line hits="1" number="133"/>
						<line hits="1" number="134"/>
						<line hits="0" number="135"/>
						<line hits="1" number="141"/>
						<line hits="1" number="143"/>
						<line hits="1" number="144"/>
						<line hits="1" number="147"/>
						<line hits="1" number="231"/>
						<line hits="1" number="233"/>
						<line hits="1" number="234"/>
						<line hits="1" number="236"/>
						<line hits="1" number="240"/>
						<line hits="1" number="241"/>
						<line hits="1" number="242"/>
						<line hits="1" number="244"/>
						<line hits="1" number="245"/>
						<line hits="1" number="252"/>
						<line hits="1" number="253"/>
						<line hits="1" number="254"/>
						<line hits="0" number="255"/>
						<line hits="1" number="259"/>
						<line hits="1" number="260"/>
						<line hits="1" number="262"/>
						<line hits="1" number="264"/>
						<line hits="1" number="265"/>
						<line hits="1" number="267"/>
						<line hits="1" number="269"/>
						<line hits="1" number="270"/>
						<line hits="0" number="274"/>
						<line hits="0" number="275"/>
						<line hits="0" number="276"/>
						<line hits="0" number="278"/>
						<line hits="0" number="280"/>
						<line hits="1" number="282"/>
						<line hits="1" number="283"/>
						<line hits="0" number="284"/>
						<line hits="1" number="291"/>
						<line hits="1" number="293"/>
						<line hits="1" number="307"/>
						<line hits="0" number="308"/>
						<line hits="1" number="310"/>
						<line hits="1" number="311"/>
						<line hits="1" number="315"/>
						<line hits="0" number="316"/>
						<line hits="0" number="317"/>
						<line hits="0" number="319"/>
						<line hits="1" number="321"/>
						<line hits="1" number="324"/>
						<line hits="0" number="327"/>
						<line hits="1" number="331"/>
						<line hits="1" number="334"/>
						<line hits="0" number="335"/>
						<line hits="1" number="339"/>
						<line hits="1" number="344"/>
						<line hits="1" number="348"/>
						<line hits="1" number="350"/>
						<line hits="1" number="352"/>
						<line hits="1" number="353"/>
						<line hits="1" number="355"/>
						<line hits="1" number="357"/>
						<line hits="1" number="360"/>
						<line hits="1" number="362"/>
						<line hits="1" number="363"/>
						<line hits="1" number="364"/>
						<line hits="1" number="365"/>
						<line hits="1" number="368"/>
						<line hits="1" number="369"/>
						<line hits="1" number="370"/>
						<line hits="1" number="371"/>
						<line hits="1" number="373"/>
						<line hits="1" number="374"/>
						<line hits="1" number="375"/>
						<line hits="1" number="377"/>
						<line hits="1" number="378"/>
						<line hits="1" number="381"/>
						<line hits="1" number="382"/>
						<line hits="1" number="385"/>
						<line hits="1" number="387"/>
						<line hits="1" number="390"/>
						<line hits="1" number="391"/>
						<line hits="1" number="394"/>
						<line hits="1" number="395"/>
						<line hits="1" number="398"/>
						<line hits="1" number="399"/>
						<line hits="1" number="402"/>
						<line hits="1" number="403"/>
						<line hits="1" number="405"/>
						<line hits="1" number="413"/>
						<line hits="1" number="415"/>
						<line hits="1" number="416"/>
						<line hits="1" number="418"/>
						<line hits="1" number="420"/>
						<line hits="0" number="421"/>
						<line hits="1" number="425"/>
						<line hits="1" number="426"/>
						<line hits="1" number="429"/>
						<line hits="1" number="430"/>
						<line hits="1" number="431"/>
						<line hits="1" number="432"/>
						<line hits="1" number="434"/>
						<line hits="0" number="435"/>
						<line hits="0" number="436"/>
						<line hits="0" number="437"/>
						<line hits="0" number="439"/>
						<line hits="1" number="442"/>
						<line hits="1" number="443"/>
						<line hits="0" number="444"/>
						<line hits="1" number="448"/>
						<line hits="1" number="449"/>
						<line hits="1" number="453"/>
						<line hits="1" number="456"/>
						<line hits="1" number="457"/>
						<line hits="1" number="458"/>
						<line hits="1" number="460"/>
						<line hits="1" number="461"/>
						<line hits="1" number="462"/>
						<line hits="1" number="464"/>
						<line hits="1" number="465"/>
						<line hits="1" number="468"/>
						<line hits="1" number="535"/>
						<line hits="1" number="537"/>
						<line hits="1" number="538"/>
						<line hits="1" number="540"/>
						<line hits="1" number="541"/>
						<line hits="1" number="542"/>
						<line hits="1" number="543"/>
						<line hits="1" number="545"/>
						<line hits="1" number="546"/>
						<line hits="1" number="553"/>
						<line hits="1" number="573"/>
						<line hits="1" number="574"/>
						<line hits="1" number="578"/>
						<line hits="1" number="580"/>
						<line hits="1" number="586"/>
						<line hits="1" number="587"/>
						<line hits="1" number="589"/>
						<line hits="0" number="590"/>
						<line hits="1" number="591"/>
						<line hits="1" number="592"/>
						<line hits="1" number="594"/>
						<line hits="1" number="596"/>
						<line hits="1" number="597"/>
						<line hits="1" number="599"/>
						<line hits="0" number="600"/>
						<line hits="1" number="602"/>
						<line hits="1" number="603"/>
						<line hits="1" number="605"/>
						<line hits="1" number="607"/>
						<line hits="1" number="609"/>
						<line hits="1" number="610"/>
						<line hits="1" number="611"/>
						<line hits="1" number="613"/>
						<line hits="1" number="614"/>
						<line hits="1" number="617"/>
						<line hits="1" number="618"/>
						<line hits="0" number="619"/>
						<line hits="1" number="626"/>
						<line hits="0" number="629"/>
						<line hits="1" number="633"/>
						<line hits="1" number="635"/>
						<line hits="1" number="651"/>
						<line hits="1" number="652"/>
						<line hits="1" number="654"/>
						<line hits="0" number="655"/>
						<line hits="1" number="658"/>
						<line hits="0" number="660"/>
						<line hits="1" number="663"/>
						<line hits="1" number="664"/>
						<line hits="1" number="666"/>
						<line hits="1" number="668"/>
						<line hits="1" number="682"/>
						<line hits="1" number="684"/>
						<line hits="1" number="686"/>
						<line hits="1" number="702"/>
						<line hits="1" number="703"/>
						<line hits="1" number="705"/>
						<line hits="0" number="706"/>
						<line hits="1" number="709"/>
						<line hits="1" number="711"/>
						<line hits="1" number="712"/>
						<line hits="1" number="713"/>
						<line hits="1" number="714"/>
						<line hits="1" number="716"/>
						<line hits="0" number="717"/>
						<line hits="1" number="721"/>
						<line hits="0" number="722"/>
						<line hits="1" number="724"/>
						<line hits="1" number="726"/>
						<line hits="1" number="742"/>
						<line hits="1" number="744"/>
						<line hits="0" number="745"/>
						<line hits="1" number="747"/>
					</lines>
				</class>
			</classes>
		</package>
		<package branch-rate="0" complexity="0" line-rate="0.2509" name="_thirdparty.sklearn.utils">
			<classes>
				<class branch-rate="0" complexity="0" filename="_thirdparty/sklearn/utils/__init__.py" line-rate="1" name="__init__.py">
					<methods/>
					<lines>
						<line hits="1" number="6"/>
						<line hits="1" number="7"/>
					</lines>
				</class>
				<class branch-rate="0" complexity="0" filename="_thirdparty/sklearn/utils/_pprint.py" line-rate="0" name="_pprint.py">
					<methods/>
					<lines>
						<line hits="0" number="66"/>
						<line hits="0" number="67"/>
						<line hits="0" number="68"/>
						<line hits="0" number="69"/>
						<line hits="0" number="70"/>
						<line hits="0" number="71"/>
						<line hits="0" number="73"/>
						<line hits="0" number="76"/>
						<line hits="0" number="84"/>
						<line hits="0" number="95"/>
						<line hits="0" number="98"/>
						<line hits="0" number="123"/>
						<line hits="0" number="126"/>
						<line hits="0" number="133"/>
						<line hits="0" number="135"/>
						<line hits="0" number="138"/>
						<line hits="0" number="142"/>
						<line hits="0" number="143"/>
						<line hits="0" number="145"/>
						<line hits="0" number="146"/>
						<line hits="0" number="148"/>
						<line hits="0" number="149"/>
						<line hits="0" number="150"/>
						<line hits="0" number="151"/>
						<line hits="0" number="152"/>
						<line hits="0" number="154"/>
						<line hits="0" number="156"/>
						<line hits="0" number="158"/>
						<line hits="0" number="160"/>
						<line hits="0" number="161"/>
						<line hits="0" number="163"/>
						<line hits="0" number="166"/>
						<line hits="0" number="217"/>
						<line hits="0" number="220"/>
						<line hits="0" number="221"/>
						<line hits="0" number="222"/>
						<line hits="0" number="223"/>
						<line hits="0" number="224"/>
						<line hits="0" number="228"/>
						<line hits="0" number="230"/>
						<line hits="0" number="231"/>
						<line hits="0" number="234"/>
						<line hits="0" number="236"/>
						<line hits="0" number="237"/>
						<line hits="0" number="238"/>
						<line hits="0" number="240"/>
						<line hits="0" number="241"/>
						<line hits="0" number="243"/>
						<line hits="0" number="245"/>
						<line hits="0" number="248"/>
						<line hits="0" number="250"/>
						<line hits="0" number="252"/>
						<line hits="0" number="254"/>
						<line hits="0" number="257"/>
						<line hits="0" number="258"/>
						<line hits="0" number="261"/>
						<line hits="0" number="273"/>
						<line hits="0" number="274"/>
						<line hits="0" number="275"/>
						<line hits="0" number="276"/>
						<line hits="0" number="277"/>
						<line hits="0" number="278"/>
						<line hits="0" number="279"/>
						<line hits="0" number="280"/>
						<line hits="0" number="281"/>
						<line hits="0" number="282"/>
						<line hits="0" number="283"/>
						<line hits="0" number="284"/>
						<line hits="0" number="285"/>
						<line hits="0" number="286"/>
						<line hits="0" number="287"/>
						<line hits="0" number="288"/>
						<line hits="0" number="289"/>
						<line hits="0" number="290"/>
						<line hits="0" number="291"/>
						<line hits="0" number="292"/>
						<line hits="0" number="293"/>
						<line hits="0" number="294"/>
						<line hits="0" number="295"/>
						<line hits="0" number="296"/>
						<line hits="0" number="297"/>
						<line hits="0" number="298"/>
						<line hits="0" number="299"/>
						<line hits="0" number="300"/>
						<line hits="0" number="301"/>
						<line hits="0" number="302"/>
						<line hits="0" number="303"/>
						<line hits="0" number="304"/>
						<line hits="0" number="305"/>
						<line hits="0" number="306"/>
						<line hits="0" number="307"/>
						<line hits="0" number="308"/>
						<line hits="0" number="309"/>
						<line hits="0" number="310"/>
						<line hits="0" number="311"/>
						<line hits="0" number="312"/>
						<line hits="0" number="313"/>
						<line hits="0" number="314"/>
						<line hits="0" number="315"/>
						<line hits="0" number="316"/>
						<line hits="0" number="317"/>
						<line hits="0" number="318"/>
						<line hits="0" number="319"/>
						<line hits="0" number="322"/>
						<line hits="0" number="327"/>
						<line hits="0" number="328"/>
						<line hits="0" number="329"/>
						<line hits="0" number="330"/>
						<line hits="0" number="331"/>
						<line hits="0" number="332"/>
						<line hits="0" number="333"/>
						<line hits="0" number="334"/>
						<line hits="0" number="335"/>
						<line hits="0" number="336"/>
						<line hits="0" number="337"/>
						<line hits="0" number="338"/>
						<line hits="0" number="339"/>
						<line hits="0" number="340"/>
						<line hits="0" number="341"/>
						<line hits="0" number="342"/>
						<line hits="0" number="343"/>
						<line hits="0" number="344"/>
						<line hits="0" number="345"/>
						<line hits="0" number="346"/>
						<line hits="0" number="347"/>
						<line hits="0" number="348"/>
						<line hits="0" number="349"/>
						<line hits="0" number="350"/>
						<line hits="0" number="351"/>
						<line hits="0" number="352"/>
						<line hits="0" number="353"/>
						<line hits="0" number="354"/>
						<line hits="0" number="355"/>
						<line hits="0" number="356"/>
						<line hits="0" number="357"/>
						<line hits="0" number="358"/>
						<line hits="0" number="359"/>
						<line hits="0" number="360"/>
						<line hits="0" number="361"/>
						<line hits="0" number="362"/>
						<line hits="0" number="363"/>
						<line hits="0" number="364"/>
						<line hits="0" number="365"/>
						<line hits="0" number="366"/>
						<line hits="0" number="367"/>
						<line hits="0" number="368"/>
						<line hits="0" number="371"/>
						<line hits="0" number="374"/>
						<line hits="0" number="375"/>
						<line hits="0" number="376"/>
						<line hits="0" number="377"/>
						<line hits="0" number="378"/>
						<line hits="0" number="380"/>
						<line hits="0" number="381"/>
						<line hits="0" number="382"/>
						<line hits="0" number="383"/>
						<line hits="0" number="390"/>
						<line hits="0" number="391"/>
						<line hits="0" number="392"/>
						<line hits="0" number="395"/>
						<line hits="0" number="398"/>
						<line hits="0" number="400"/>
						<line hits="0" number="401"/>
						<line hits="0" number="403"/>
						<line hits="0" number="404"/>
						<line hits="0" number="405"/>
						<line hits="0" number="406"/>
						<line hits="0" number="407"/>
						<line hits="0" number="408"/>
						<line hits="0" number="409"/>
						<line hits="0" number="410"/>
						<line hits="0" number="411"/>
						<line hits="0" number="412"/>
						<line hits="0" number="413"/>
						<line hits="0" number="414"/>
						<line hits="0" number="415"/>
						<line hits="0" number="416"/>
						<line hits="0" number="417"/>
						<line hits="0" number="418"/>
						<line hits="0" number="419"/>
						<line hits="0" number="420"/>
						<line hits="0" number="421"/>
						<line hits="0" number="423"/>
						<line hits="0" number="425"/>
						<line hits="0" number="426"/>
						<line hits="0" number="427"/>
						<line hits="0" number="428"/>
						<line hits="0" number="429"/>
						<line hits="0" number="430"/>
						<line hits="0" number="432"/>
						<line hits="0" number="434"/>
						<line hits="0" number="435"/>
						<line hits="0" number="436"/>
						<line hits="0" number="437"/>
						<line hits="0" number="438"/>
						<line hits="0" number="439"/>
						<line hits="0" number="441"/>
						<line hits="0" number="442"/>
						<line hits="0" number="443"/>
						<line hits="0" number="444"/>
						<line hits="0" number="445"/>
						<line hits="0" number="446"/>
						<line hits="0" number="447"/>
						<line hits="0" number="448"/>
						<line hits="0" number="449"/>
						<line hits="0" number="450"/>
						<line hits="0" number="451"/>
						<line hits="0" number="452"/>
						<line hits="0" number="453"/>
						<line hits="0" number="454"/>
						<line hits="0" number="455"/>
						<line hits="0" number="456"/>
						<line hits="0" number="458"/>
						<line hits="0" number="459"/>
						<line hits="0" number="460"/>
						<line hits="0" number="461"/>
						<line hits="0" number="462"/>
						<line hits="0" number="463"/>
						<line hits="0" number="464"/>
						<line hits="0" number="466"/>
						<line hits="0" number="467"/>
						<line hits="0" number="468"/>
						<line hits="0" number="469"/>
						<line hits="0" number="470"/>
						<line hits="0" number="471"/>
						<line hits="0" number="472"/>
						<line hits="0" number="473"/>
						<line hits="0" number="474"/>
						<line hits="0" number="475"/>
						<line hits="0" number="476"/>
						<line hits="0" number="478"/>
						<line hits="0" number="479"/>
						<line hits="0" number="480"/>
						<line hits="0" number="481"/>
						<line hits="0" number="482"/>
						<line hits="0" number="483"/>
						<line hits="0" number="484"/>
						<line hits="0" number="485"/>
						<line hits="0" number="487"/>
						<line hits="0" number="489"/>
						<line hits="0" number="490"/>
						<line hits="0" number="491"/>
						<line hits="0" number="492"/>
						<line hits="0" number="493"/>
						<line hits="0" number="494"/>
						<line hits="0" number="497"/>
						<line hits="0" number="498"/>
					</lines>
				</class>
				<class branch-rate="0" complexity="0" filename="_thirdparty/sklearn/utils/extmath.py" line-rate="0.569" name="extmath.py">
					<methods/>
					<lines>
						<line hits="1" number="22"/>
						<line hits="1" number="23"/>
						<line hits="1" number="24"/>
						<line hits="1" number="26"/>
						<line hits="1" number="29"/>
						<line hits="1" number="49"/>
						<line hits="0" number="50"/>
						<line hits="0" number="51"/>
						<line hits="1" number="54"/>
						<line hits="1" number="56"/>
						<line hits="1" number="57"/>
						<line hits="1" number="58"/>
						<line hits="1" number="61"/>
						<line hits="1" number="110"/>
						<line hits="1" number="111"/>
						<line hits="1" number="113"/>
						<line hits="1" number="114"/>
						<line hits="1" number="116"/>
						<line hits="1" number="118"/>
						<line hits="1" number="119"/>
						<line hits="1" number="121"/>
						<line hits="1" number="123"/>
						<line hits="1" number="125"/>
						<line hits="1" number="126"/>
						<line hits="1" number="127"/>
						<line hits="1" number="132"/>
						<line hits="1" number="133"/>
						<line hits="1" number="134"/>
						<line hits="1" number="136"/>
						<line hits="1" number="139"/>
						<line hits="1" number="140"/>
						<line hits="0" number="186"/>
						<line hits="0" number="187"/>
						<line hits="0" number="188"/>
						<line hits="0" number="189"/>
						<line hits="0" number="191"/>
						<line hits="0" number="192"/>
						<line hits="0" number="194"/>
						<line hits="0" number="195"/>
						<line hits="0" number="197"/>
						<line hits="0" number="198"/>
						<line hits="0" number="199"/>
						<line hits="0" number="200"/>
						<line hits="0" number="201"/>
						<line hits="0" number="202"/>
						<line hits="0" number="203"/>
						<line hits="0" number="204"/>
						<line hits="0" number="205"/>
						<line hits="0" number="206"/>
						<line hits="0" number="207"/>
						<line hits="0" number="208"/>
						<line hits="0" number="209"/>
						<line hits="0" number="210"/>
						<line hits="1" number="216"/>
						<line hits="1" number="238"/>
						<line hits="1" number="239"/>
						<line hits="0" number="241"/>
						<line hits="1" number="242"/>
					</lines>
				</class>
				<class branch-rate="0" complexity="0" filename="_thirdparty/sklearn/utils/skl_dependencies.py" line-rate="0.7955" name="skl_dependencies.py">
					<methods/>
					<lines>
						<line hits="1" number="17"/>
						<line hits="1" number="18"/>
						<line hits="1" number="19"/>
						<line hits="1" number="22"/>
						<line hits="1" number="32"/>
						<line hits="1" number="33"/>
						<line hits="1" number="35"/>
						<line hits="1" number="36"/>
						<line hits="1" number="37"/>
						<line hits="1" number="38"/>
						<line hits="1" number="40"/>
						<line hits="1" number="42"/>
						<line hits="1" number="43"/>
						<line hits="1" number="44"/>
						<line hits="1" number="45"/>
						<line hits="1" number="47"/>
						<line hits="1" number="49"/>
						<line hits="1" number="62"/>
						<line hits="1" number="64"/>
						<line hits="1" number="65"/>
						<line hits="1" number="67"/>
						<line hits="0" number="68"/>
						<line hits="1" number="72"/>
						<line hits="0" number="73"/>
						<line hits="1" number="79"/>
						<line hits="1" number="110"/>
						<line hits="1" number="111"/>
						<line hits="0" number="112"/>
						<line hits="1" number="116"/>
						<line hits="1" number="117"/>
						<line hits="0" number="119"/>
						<line hits="0" number="124"/>
						<line hits="0" number="125"/>
						<line hits="0" number="126"/>
						<line hits="0" number="128"/>
						<line hits="0" number="129"/>
						<line hits="1" number="131"/>
						<line hits="1" number="132"/>
						<line hits="1" number="134"/>
						<line hits="1" number="137"/>
						<line hits="1" number="140"/>
						<line hits="1" number="165"/>
						<line hits="1" number="167"/>
						<line hits="1" number="170"/>
					</lines>
				</class>
				<class branch-rate="0" complexity="0" filename="_thirdparty/sklearn/utils/sparsefuncs.py" line-rate="0.4258" name="sparsefuncs.py">
					<methods/>
					<lines>
						<line hits="1" number="15"/>
						<line hits="1" number="16"/>
						<line hits="1" number="17"/>
						<line hits="1" number="18"/>
						<line hits="1" number="20"/>
						<line hits="1" number="25"/>
						<line hits="1" number="26"/>
						<line hits="1" number="30"/>
						<line hits="1" number="31"/>
						<line hits="1" number="35"/>
						<line hits="1" number="36"/>
						<line hits="1" number="39"/>
						<line hits="0" number="41"/>
						<line hits="0" number="42"/>
						<line hits="0" number="43"/>
						<line hits="1" number="46"/>
						<line hits="1" number="47"/>
						<line hits="0" number="48"/>
						<line hits="1" number="52"/>
						<line hits="1" number="66"/>
						<line hits="1" number="67"/>
						<line hits="1" number="68"/>
						<line hits="1" number="71"/>
						<line hits="1" number="85"/>
						<line hits="1" number="86"/>
						<line hits="1" number="89"/>
						<line hits="1" number="110"/>
						<line hits="1" number="112"/>
						<line hits="1" number="113"/>
						<line hits="1" number="114"/>
						<line hits="0" number="116"/>
						<line hits="1" number="117"/>
						<line hits="1" number="118"/>
						<line hits="1" number="119"/>
						<line hits="0" number="121"/>
						<line hits="0" number="123"/>
						<line hits="1" number="126"/>
						<line hits="1" number="140"/>
						<line hits="1" number="141"/>
						<line hits="1" number="142"/>
						<line hits="1" number="143"/>
						<line hits="0" number="145"/>
						<line hits="1" number="148"/>
						<line hits="0" number="162"/>
						<line hits="0" number="163"/>
						<line hits="0" number="164"/>
						<line hits="0" number="165"/>
						<line hits="0" number="167"/>
						<line hits="1" number="170"/>
						<line hits="0" number="185"/>
						<line hits="0" number="186"/>
						<line hits="0" number="187"/>
						<line hits="0" number="189"/>
						<line hits="0" number="190"/>
						<line hits="0" number="191"/>
						<line hits="0" number="192"/>
						<line hits="0" number="194"/>
						<line hits="0" number="195"/>
						<line hits="0" number="196"/>
						<line hits="1" number="199"/>
						<line hits="0" number="214"/>
						<line hits="0" number="215"/>
						<line hits="0" number="216"/>
						<line hits="0" number="218"/>
						<line hits="0" number="219"/>
						<line hits="0" number="220"/>
						<line hits="0" number="221"/>
						<line hits="0" number="225"/>
						<line hits="0" number="226"/>
						<line hits="0" number="228"/>
						<line hits="0" number="229"/>
						<line hits="0" number="230"/>
						<line hits="0" number="231"/>
						<line hits="0" number="232"/>
						<line hits="0" number="233"/>
						<line hits="0" number="234"/>
						<line hits="0" number="236"/>
						<line hits="0" number="238"/>
						<line hits="0" number="239"/>
						<line hits="0" number="240"/>
						<line hits="0" number="242"/>
						<line hits="0" number="247"/>
						<line hits="1" number="254"/>
						<line hits="0" number="269"/>
						<line hits="0" number="270"/>
						<line hits="0" number="271"/>
						<line hits="0" number="272"/>
						<line hits="0" number="274"/>
						<line hits="1" number="277"/>
						<line hits="0" number="292"/>
						<line hits="0" number="293"/>
						<line hits="0" number="294"/>
						<line hits="0" number="295"/>
						<line hits="0" number="296"/>
						<line hits="0" number="297"/>
						<line hits="0" number="298"/>
						<line hits="0" number="299"/>
						<line hits="0" number="301"/>
						<line hits="1" number="304"/>
						<line hits="1" number="305"/>
						<line hits="1" number="306"/>
						<line hits="1" number="308"/>
						<line hits="1" number="310"/>
						<line hits="1" number="315"/>
						<line hits="1" number="317"/>
						<line hits="1" number="319"/>
						<line hits="1" number="320"/>
						<line hits="1" number="321"/>
						<line hits="1" number="322"/>
						<line hits="1" number="324"/>
						<line hits="1" number="325"/>
						<line hits="1" number="328"/>
						<line hits="1" number="329"/>
						<line hits="1" number="330"/>
						<line hits="0" number="331"/>
						<line hits="1" number="332"/>
						<line hits="1" number="333"/>
						<line hits="1" number="334"/>
						<line hits="1" number="335"/>
						<line hits="1" number="336"/>
						<line hits="1" number="337"/>
						<line hits="1" number="338"/>
						<line hits="1" number="340"/>
						<line hits="1" number="341"/>
						<line hits="1" number="342"/>
						<line hits="1" number="343"/>
						<line hits="1" number="344"/>
						<line hits="1" number="346"/>
						<line hits="1" number="347"/>
						<line hits="1" number="350"/>
						<line hits="1" number="352"/>
						<line hits="1" number="355"/>
						<line hits="1" number="356"/>
						<line hits="0" number="357"/>
						<line hits="0" number="358"/>
						<line hits="0" number="359"/>
						<line hits="0" number="360"/>
						<line hits="0" number="361"/>
						<line hits="0" number="362"/>
						<line hits="0" number="363"/>
						<line hits="0" number="365"/>
						<line hits="0" number="366"/>
						<line hits="0" number="367"/>
						<line hits="0" number="368"/>
						<line hits="0" number="369"/>
						<line hits="1" number="370"/>
						<line hits="0" number="371"/>
						<line hits="1" number="372"/>
						<line hits="1" number="373"/>
						<line hits="0" number="375"/>
						<line hits="1" number="378"/>
						<line hits="1" number="379"/>
						<line hits="1" number="383"/>
						<line hits="1" number="384"/>
						<line hits="1" number="388"/>
						<line hits="1" number="414"/>
						<line hits="1" number="415"/>
						<line hits="1" number="416"/>
						<line hits="1" number="418"/>
						<line hits="0" number="420"/>
						<line hits="1" number="423"/>
						<line hits="0" number="439"/>
						<line hits="0" number="440"/>
						<line hits="0" number="441"/>
						<line hits="0" number="442"/>
						<line hits="0" number="443"/>
						<line hits="0" number="444"/>
						<line hits="0" number="450"/>
						<line hits="0" number="451"/>
[...]
						<line hits="0" number="488"/>
						<line hits="0" number="489"/>
						<line hits="0" number="490"/>
						<line hits="0" number="491"/>
						<line hits="0" number="494"/>
						<line hits="0" number="495"/>
						<line hits="0" number="497"/>
						<line hits="1" number="499"/>
						<line hits="1" number="500"/>
						<line hits="1" number="502"/>
						<line hits="1" number="503"/>
						<line hits="1" number="504"/>
						<line hits="1" number="505"/>
						<line hits="0" number="527"/>
						<line hits="1" number="529"/>
						<line hits="0" number="532"/>
						<line hits="0" number="533"/>
						<line hits="0" number="534"/>
						<line hits="0" number="535"/>
						<line hits="0" number="536"/>
						<line hits="1" number="541"/>
						<line hits="0" number="545"/>
						<line hits="0" number="546"/>
						<line hits="0" number="547"/>
						<line hits="0" number="548"/>
						<line hits="0" number="549"/>
						<line hits="0" number="551"/>
						<line hits="1" number="554"/>
						<line hits="1" number="589"/>
						<line hits="1" number="591"/>
						<line hits="1" number="592"/>
						<line hits="1" number="593"/>
						<line hits="1" number="595"/>
						<line hits="1" number="596"/>
						<line hits="1" number="597"/>
						<line hits="1" number="599"/>
						<line hits="1" number="600"/>
						<line hits="1" number="601"/>
						<line hits="1" number="604"/>
						<line hits="1" number="607"/>
						<line hits="1" number="609"/>
						<line hits="1" number="610"/>
						<line hits="1" number="615"/>
						<line hits="1" number="621"/>
						<line hits="1" number="622"/>
						<line hits="1" number="623"/>
						<line hits="1" number="624"/>
						<line hits="1" number="625"/>
						<line hits="1" number="628"/>
						<line hits="1" number="629"/>
						<line hits="1" number="630"/>
						<line hits="1" number="631"/>
						<line hits="1" number="632"/>
						<line hits="1" number="636"/>
						<line hits="1" number="637"/>
						<line hits="1" number="638"/>
						<line hits="1" number="639"/>
						<line hits="1" number="642"/>
						<line hits="1" number="643"/>
						<line hits="1" number="649"/>
						<line hits="1" number="650"/>
						<line hits="1" number="652"/>
						<line hits="1" number="658"/>
						<line hits="1" number="659"/>
						<line hits="1" number="662"/>
						<line hits="1" number="663"/>
						<line hits="1" number="664"/>
						<line hits="1" number="665"/>
						<line hits="1" number="666"/>
						<line hits="1" number="668"/>
						<line hits="1" number="674"/>
						<line hits="1" number="677"/>
						<line hits="1" number="680"/>
						<line hits="1" number="708"/>
						<line hits="1" number="710"/>
						<line hits="1" number="711"/>
						<line hits="1" number="712"/>
						<line hits="1" number="713"/>
						<line hits="1" number="715"/>
						<line hits="1" number="716"/>
						<line hits="1" number="717"/>
						<line hits="1" number="719"/>
						<line hits="1" number="720"/>
						<line hits="1" number="722"/>
						<line hits="1" number="724"/>
						<line hits="1" number="725"/>
						<line hits="1" number="726"/>
						<line hits="1" number="730"/>
						<line hits="1" number="731"/>
						<line hits="1" number="736"/>
						<line hits="1" number="737"/>
						<line hits="1" number="739"/>
						<line hits="1" number="744"/>
						<line hits="1" number="745"/>
						<line hits="1" number="749"/>
						<line hits="1" number="750"/>
						<line hits="1" number="752"/>
						<line hits="1" number="753"/>
						<line hits="1" number="754"/>
						<line hits="1" number="755"/>
						<line hits="1" number="757"/>
						<line hits="1" number="760"/>
						<line hits="1" number="761"/>
						<line hits="1" number="762"/>
						<line hits="1" number="767"/>
						<line hits="1" number="768"/>
						<line hits="1" number="769"/>
						<line hits="1" number="771"/>
						<line hits="1" number="776"/>
						<line hits="1" number="777"/>
						<line hits="1" number="778"/>
						<line hits="1" number="782"/>
						<line hits="1" number="783"/>
						<line hits="1" number="784"/>
						<line hits="1" number="785"/>
						<line hits="1" number="786"/>
						<line hits="1" number="787"/>
						<line hits="1" number="789"/>
						<line hits="1" number="791"/>
						<line hits="1" number="792"/>
						<line hits="1" number="797"/>
						<line hits="1" number="798"/>
						<line hits="1" number="801"/>
						<line hits="1" number="804"/>
						<line hits="1" number="822"/>
						<line hits="1" number="823"/>
						<line hits="1" number="824"/>
						<line hits="1" number="826"/>
						<line hits="1" number="828"/>
						<line hits="1" number="829"/>
						<line hits="1" number="833"/>
						<line hits="1" number="834"/>
						<line hits="1" number="835"/>
						<line hits="1" number="836"/>
						<line hits="1" number="837"/>
						<line hits="1" number="839"/>
						<line hits="1" number="840"/>
						<line hits="1" number="841"/>
						<line hits="1" number="842"/>
						<line hits="1" number="844"/>
						<line hits="1" number="849"/>
						<line hits="1" number="852"/>
						<line hits="1" number="855"/>
						<line hits="1" number="876"/>
						<line hits="1" number="877"/>
						<line hits="1" number="878"/>
						<line hits="1" number="880"/>
						<line hits="1" number="881"/>
						<line hits="1" number="882"/>
						<line hits="1" number="885"/>
						<line hits="1" number="886"/>
						<line hits="1" number="887"/>
						<line hits="1" number="889"/>
						<line hits="1" number="891"/>
						<line hits="1" number="892"/>
						<line hits="1" number="893"/>
						<line hits="1" number="894"/>
						<line hits="1" number="896"/>
						<line hits="1" number="897"/>
						<line hits="1" number="902"/>
						<line hits="1" number="904"/>
						<line hits="1" number="906"/>
						<line hits="1" number="911"/>
						<line hits="1" number="913"/>
						<line hits="1" number="915"/>
					</lines>
				</class>
				<class branch-rate="0" complexity="0" filename="tsa/batched_lbfgs.py" line-rate="0.7065" name="batched_lbfgs.py">
					<methods/>
					<lines>
						<line hits="1" number="17"/>
						<line hits="1" number="18"/>
						<line hits="1" number="20"/>
						<line hits="1" number="21"/>
						<line hits="1" number="24"/>
						<line hits="0" number="26"/>
						<line hits="0" number="27"/>
						<line hits="0" number="28"/>
						<line hits="0" number="29"/>
						<line hits="0" number="30"/>
						<line hits="0" number="31"/>
						<line hits="0" number="32"/>
						<line hits="0" number="33"/>
						<line hits="0" number="34"/>
						<line hits="0" number="36"/>
						<line hits="1" number="39"/>
						<line hits="1" number="85"/>
						<line hits="1" number="86"/>
						<line hits="0" number="88"/>
						<line hits="1" number="90"/>
						<line hits="1" number="91"/>
						<line hits="1" number="93"/>
						<line hits="0" number="94"/>
						<line hits="0" number="95"/>
						<line hits="0" number="96"/>
						<line hits="1" number="98"/>
						<line hits="1" number="99"/>
						<line hits="1" number="101"/>
						<line hits="1" number="102"/>
						<line hits="1" number="103"/>
						<line hits="1" number="104"/>
						<line hits="1" number="108"/>
						<line hits="1" number="109"/>
						<line hits="1" number="110"/>
						<line hits="0" number="111"/>
						<line hits="0" number="112"/>
						<line hits="1" number="113"/>
						<line hits="0" number="114"/>
						<line hits="0" number="115"/>
						<line hits="1" number="116"/>
						<line hits="1" number="120"/>
						<line hits="1" number="122"/>
						<line hits="1" number="124"/>
						<line hits="1" number="125"/>
						<line hits="1" number="127"/>
						<line hits="1" number="128"/>
						<line hits="1" number="129"/>
						<line hits="1" number="130"/>
						<line hits="1" number="131"/>
						<line hits="1" number="132"/>
						<line hits="1" number="133"/>
						<line hits="1" number="134"/>
						<line hits="1" number="136"/>
						<line hits="1" number="138"/>
						<line hits="1" number="140"/>
						<line hits="1" number="142"/>
						<line hits="1" number="143"/>
						<line hits="1" number="144"/>
						<line hits="1" number="145"/>
						<line hits="1" number="146"/>
						<line hits="1" number="148"/>
						<line hits="1" number="162"/>
						<line hits="1" number="163"/>
						<line hits="1" number="164"/>
						<line hits="1" number="165"/>
						<line hits="1" number="166"/>
						<line hits="1" number="167"/>
						<line hits="1" number="168"/>
						<line hits="1" number="169"/>
						<line hits="1" number="170"/>
						<line hits="1" number="172"/>
						<line hits="1" number="173"/>
						<line hits="1" number="174"/>
						<line hits="1" number="175"/>
						<line hits="1" number="176"/>
						<line hits="0" number="177"/>
						<line hits="1" number="178"/>
						<line hits="1" number="179"/>
						<line hits="1" number="180"/>
						<line hits="0" number="182"/>
						<line hits="0" number="183"/>
						<line hits="0" number="184"/>
						<line hits="1" number="186"/>
						<line hits="1" number="187"/>
						<line hits="1" number="189"/>
						<line hits="0" number="190"/>
						<line hits="0" number="195"/>
						<line hits="0" number="196"/>
						<line hits="0" number="197"/>
						<line hits="0" number="198"/>
						<line hits="1" number="201"/>
						<line hits="1" number="202"/>
					</lines>
				</class>
				<class branch-rate="0" complexity="0" filename="tsa/holtwinters.pyx" line-rate="0.7793" name="holtwinters.pyx">
					<methods/>
					<lines>
						<line hits="1" number="1"/>
						<line hits="1" number="18"/>
						<line hits="1" number="19"/>
						<line hits="1" number="20"/>
						<line hits="1" number="23"/>
						<line hits="1" number="24"/>
						<line hits="1" number="25"/>
						<line hits="1" number="26"/>
						<line hits="1" number="27"/>
						<line hits="1" number="28"/>
						<line hits="1" number="29"/>
						<line hits="1" number="67"/>
						<line hits="1" number="180"/>
						<line hits="1" number="181"/>
						<line hits="1" number="182"/>
						<line hits="1" number="183"/>
						<line hits="1" number="184"/>
						<line hits="1" number="186"/>
						<line hits="1" number="187"/>
						<line hits="1" number="192"/>
						<line hits="1" number="193"/>
						<line hits="1" number="194"/>
						<line hits="1" number="197"/>
						<line hits="0" number="198"/>
						<line hits="1" number="200"/>
						<line hits="0" number="201"/>
						<line hits="0" number="202"/>
						<line hits="1" number="203"/>
						<line hits="1" number="206"/>
						<line hits="0" number="207"/>
						<line hits="0" number="208"/>
						<line hits="1" number="209"/>
						<line hits="0" number="210"/>
						<line hits="0" number="211"/>
						<line hits="1" number="212"/>
						<line hits="1" number="215"/>
						<line hits="1" number="216"/>
						<line hits="1" number="217"/>
						<line hits="1" number="218"/>
						<line hits="1" number="219"/>
						<line hits="1" number="220"/>
						<line hits="0" number="222"/>
						<line hits="1" number="226"/>
						<line hits="0" number="227"/>
						<line hits="1" number="229"/>
						<line hits="0" number="230"/>
						<line hits="0" number="231"/>
						<line hits="1" number="232"/>
						<line hits="0" number="233"/>
						<line hits="0" number="234"/>
						<line hits="0" number="235"/>
						<line hits="1" number="236"/>
						<line hits="1" number="238"/>
						<line hits="0" number="239"/>
						<line hits="1" number="241"/>
						<line hits="0" number="242"/>
						<line hits="1" number="245"/>
						<line hits="1" number="246"/>
						<line hits="1" number="247"/>
						<line hits="1" number="248"/>
						<line hits="1" number="249"/>
						<line hits="1" number="250"/>
						<line hits="1" number="251"/>
						<line hits="1" number="252"/>
						<line hits="1" number="253"/>
						<line hits="1" number="255"/>
						<line hits="1" number="257"/>
						<line hits="1" number="260"/>
						<line hits="1" number="262"/>
						<line hits="1" number="264"/>
						<line hits="1" number="265"/>
						<line hits="1" number="266"/>
						<line hits="0" number="267"/>
						<line hits="1" number="268"/>
						<line hits="1" number="269"/>
						<line hits="0" number="270"/>
						<line hits="0" number="271"/>
						<line hits="0" number="272"/>
						<line hits="1" number="274"/>
						<line hits="1" number="275"/>
						<line hits="1" number="276"/>
						<line hits="1" number="277"/>
						<line hits="1" number="278"/>
						<line hits="0" number="279"/>
						<line hits="0" number="281"/>
						<line hits="1" number="282"/>
						<line hits="1" number="284"/>
						<line hits="1" number="285"/>
						<line hits="1" number="291"/>
						<line hits="1" number="293"/>
						<line hits="1" number="295"/>
						<line hits="0" number="296"/>
						<line hits="0" number="297"/>
						<line hits="0" number="298"/>
						<line hits="1" number="300"/>
						<line hits="0" number="301"/>
						<line hits="0" number="302"/>
						<line hits="1" number="309"/>
						<line hits="1" number="311"/>
						<line hits="1" number="312"/>
						<line hits="1" number="320"/>
						<line hits="1" number="323"/>
						<line hits="1" number="324"/>
						<line hits="1" number="325"/>
						<line hits="1" number="326"/>
						<line hits="1" number="327"/>
						<line hits="1" number="328"/>
						<line hits="1" number="329"/>
						<line hits="1" number="330"/>
						<line hits="1" number="332"/>
						<line hits="1" number="333"/>
						<line hits="1" number="335"/>
						<line hits="1" number="336"/>
						<line hits="1" number="337"/>
						<line hits="1" number="338"/>
						<line hits="1" number="344"/>
						<line hits="1" number="345"/>
						<line hits="1" number="346"/>
						<line hits="1" number="347"/>
						<line hits="0" number="354"/>
						<line hits="0" number="356"/>
						<line hits="1" number="357"/>
						<line hits="1" number="359"/>
						<line hits="1" number="360"/>
						<line hits="1" number="361"/>
						<line hits="1" number="362"/>
						<line hits="1" number="363"/>
						<line hits="1" number="365"/>
						<line hits="1" number="366"/>
						<line hits="1" number="367"/>
						<line hits="1" number="368"/>
						<line hits="1" number="370"/>
						<line hits="1" number="391"/>
						<line hits="1" number="393"/>
						<line hits="0" number="394"/>
						<line hits="0" number="395"/>
						<line hits="0" number="396"/>
						<line hits="1" number="398"/>
						<line hits="1" number="399"/>
						<line hits="0" number="400"/>
						<line hits="1" number="402"/>
						<line hits="1" number="403"/>
						<line hits="1" number="404"/>
						<line hits="1" number="405"/>
						<line hits="1" number="406"/>
						<line hits="1" number="407"/>
						<line hits="1" number="408"/>
						<line hits="1" number="409"/>
						<line hits="1" number="410"/>
						<line hits="1" number="412"/>
						<line hits="1" number="413"/>
						<line hits="1" number="414"/>
						<line hits="1" number="415"/>
						<line hits="1" number="416"/>
						<line hits="1" number="417"/>
						<line hits="1" number="422"/>
						<line hits="1" number="423"/>
						<line hits="1" number="424"/>
						<line hits="1" number="425"/>
						<line hits="1" number="426"/>
						<line hits="1" number="432"/>
						<line hits="1" number="433"/>
						<line hits="1" number="434"/>
						<line hits="1" number="435"/>
						<line hits="1" number="436"/>
						<line hits="1" number="438"/>
						<line hits="1" number="439"/>
						<line hits="1" number="440"/>
						<line hits="1" number="441"/>
						<line hits="1" number="443"/>
						<line hits="1" number="444"/>
						<line hits="1" number="446"/>
						<line hits="0" number="447"/>
						<line hits="0" number="448"/>
						<line hits="0" number="449"/>
						<line hits="1" number="450"/>
						<line hits="1" number="451"/>
						<line hits="0" number="453"/>
						<line hits="1" number="455"/>
						<line hits="1" number="475"/>
						<line hits="1" number="476"/>
						<line hits="1" number="477"/>
						<line hits="1" number="478"/>
						<line hits="0" number="479"/>
						<line hits="0" number="480"/>
						<line hits="1" number="482"/>
						<line hits="0" number="484"/>
						<line hits="1" number="486"/>
						<line hits="1" number="502"/>
						<line hits="1" number="503"/>
						<line hits="1" number="504"/>
						<line hits="1" number="505"/>
						<line hits="1" number="507"/>
						<line hits="1" number="509"/>
						<line hits="0" number="510"/>
						<line hits="0" number="511"/>
						<line hits="1" number="513"/>
						<line hits="0" number="515"/>
						<line hits="1" number="517"/>
						<line hits="1" number="533"/>
						<line hits="1" number="534"/>
						<line hits="1" number="535"/>
						<line hits="1" number="536"/>
						<line hits="1" number="538"/>
						<line hits="1" number="540"/>
						<line hits="0" number="541"/>
						<line hits="0" number="542"/>
						<line hits="1" number="544"/>
						<line hits="0" number="546"/>
						<line hits="1" number="548"/>
						<line hits="1" number="564"/>
						<line hits="1" number="565"/>
						<line hits="1" number="566"/>
						<line hits="1" number="567"/>
						<line hits="1" number="569"/>
						<line hits="1" number="571"/>
						<line hits="0" number="572"/>
						<line hits="0" number="573"/>
						<line hits="1" number="575"/>
						<line hits="0" number="577"/>
						<line hits="1" number="579"/>
						<line hits="1" number="580"/>
					</lines>
				</class>
				<class branch-rate="0" complexity="0" filename="tsa/seasonality.pyx" line-rate="0.3462" name="seasonality.pyx">
					<methods/>
					<lines>
						<line hits="1" number="1"/>
						<line hits="1" number="18"/>
						<line hits="1" number="19"/>
						<line hits="1" number="23"/>
						<line hits="1" number="24"/>
						<line hits="1" number="26"/>
						<line hits="1" number="31"/>
						<line hits="0" number="35"/>
						<line hits="0" number="37"/>
						<line hits="0" number="38"/>
						<line hits="0" number="39"/>
						<line hits="0" number="40"/>
						<line hits="0" number="41"/>
						<line hits="0" number="43"/>
						<line hits="0" number="44"/>
						<line hits="0" number="46"/>
						<line hits="1" number="49"/>
						<line hits="1" number="50"/>
						<line hits="0" number="76"/>
						<line hits="0" number="77"/>
						<line hits="0" number="79"/>
						<line hits="0" number="82"/>
						<line hits="0" number="83"/>
						<line hits="0" number="86"/>
						<line hits="0" number="87"/>
						<line hits="0" number="88"/>
					</lines>
				</class>
				<class branch-rate="0" complexity="0" filename="tsa/stationarity.pyx" line-rate="1" name="stationarity.pyx">
					<methods/>
					<lines>
						<line hits="1" number="1"/>
						<line hits="1" number="18"/>
						<line hits="1" number="19"/>
						<line hits="1" number="23"/>
						<line hits="1" number="24"/>
						<line hits="1" number="26"/>
						<line hits="1" number="27"/>
						<line hits="1" number="50"/>
						<line hits="1" number="51"/>
						<line hits="1" number="52"/>
						<line hits="1" number="84"/>
						<line hits="1" number="85"/>
						<line hits="1" number="86"/>
						<line hits="1" number="88"/>
						<line hits="1" number="89"/>
						<line hits="1" number="90"/>
						<line hits="1" number="92"/>
						<line hits="1" number="93"/>
						<line hits="1" number="96"/>
						<line hits="1" number="97"/>
						<line hits="1" number="100"/>
						<line hits="1" number="101"/>
						<line hits="1" number="102"/>
						<line hits="1" number="103"/>
						<line hits="1" number="104"/>
						<line hits="1" number="105"/>
						<line hits="1" number="108"/>
						<line hits="1" number="109"/>
						<line hits="1" number="110"/>
						<line hits="1" number="111"/>
						<line hits="1" number="113"/>
					</lines>
				</class>
			</classes>
		</package>
	</packages>
</coverage>
